-------------------------------------------------------------------------------
Test set: com.yourname.minisql.region.network.RegionServerTestDebug
-------------------------------------------------------------------------------
Tests run: 5, Failures: 3, Errors: 0, Skipped: 0, Time elapsed: 0.298 s <<< FAILURE! -- in com.yourname.minisql.region.network.RegionServerTestDebug
com.yourname.minisql.region.network.RegionServerTestDebug.testDelete -- Time elapsed: 0.120 s <<< FAILURE!
org.opentest4j.AssertionFailedError: 删除后不应找到数据，实际响应: Table not found: users ==> expected: <true> but was: <false>
	at org.junit.jupiter.api.AssertionFailureBuilder.build(AssertionFailureBuilder.java:151)
	at org.junit.jupiter.api.AssertionFailureBuilder.buildAndThrow(AssertionFailureBuilder.java:132)
	at org.junit.jupiter.api.AssertTrue.failNotTrue(AssertTrue.java:63)
	at org.junit.jupiter.api.AssertTrue.assertTrue(AssertTrue.java:36)
	at org.junit.jupiter.api.Assertions.assertTrue(Assertions.java:214)
	at com.yourname.minisql.region.network.RegionServerTestDebug.testDelete(RegionServerTestDebug.java:164)
	at java.base/java.lang.reflect.Method.invoke(Method.java:569)
	at java.base/java.util.ArrayList.forEach(ArrayList.java:1511)
	at java.base/java.util.ArrayList.forEach(ArrayList.java:1511)

com.yourname.minisql.region.network.RegionServerTestDebug.testInsert -- Time elapsed: 0.008 s <<< FAILURE!
org.opentest4j.AssertionFailedError: 插入应返回成功信息，实际响应: Table not found: users ==> expected: <true> but was: <false>
	at org.junit.jupiter.api.AssertionFailureBuilder.build(AssertionFailureBuilder.java:151)
	at org.junit.jupiter.api.AssertionFailureBuilder.buildAndThrow(AssertionFailureBuilder.java:132)
	at org.junit.jupiter.api.AssertTrue.failNotTrue(AssertTrue.java:63)
	at org.junit.jupiter.api.AssertTrue.assertTrue(AssertTrue.java:36)
	at org.junit.jupiter.api.Assertions.assertTrue(Assertions.java:214)
	at com.yourname.minisql.region.network.RegionServerTestDebug.testInsert(RegionServerTestDebug.java:112)
	at java.base/java.lang.reflect.Method.invoke(Method.java:569)
	at java.base/java.util.ArrayList.forEach(ArrayList.java:1511)
	at java.base/java.util.ArrayList.forEach(ArrayList.java:1511)

com.yourname.minisql.region.network.RegionServerTestDebug.testSelect -- Time elapsed: 0.019 s <<< FAILURE!
org.opentest4j.AssertionFailedError: 响应应包含 'Alice'，实际响应: Table not found: users ==> expected: <true> but was: <false>
	at org.junit.jupiter.api.AssertionFailureBuilder.build(AssertionFailureBuilder.java:151)
	at org.junit.jupiter.api.AssertionFailureBuilder.buildAndThrow(AssertionFailureBuilder.java:132)
	at org.junit.jupiter.api.AssertTrue.failNotTrue(AssertTrue.java:63)
	at org.junit.jupiter.api.AssertTrue.assertTrue(AssertTrue.java:36)
	at org.junit.jupiter.api.Assertions.assertTrue(Assertions.java:214)
	at com.yourname.minisql.region.network.RegionServerTestDebug.testSelect(RegionServerTestDebug.java:137)
	at java.base/java.lang.reflect.Method.invoke(Method.java:569)
	at java.base/java.util.ArrayList.forEach(ArrayList.java:1511)
	at java.base/java.util.ArrayList.forEach(ArrayList.java:1511)

