-------------------------------------------------------------------------------
Test set: com.yourname.minisql.region.manager.DatabaseManagerTest
-------------------------------------------------------------------------------
Tests run: 1, Failures: 1, Errors: 0, Skipped: 0, Time elapsed: 0.208 s <<< FAILURE! -- in com.yourname.minisql.region.manager.DatabaseManagerTest
com.yourname.minisql.region.manager.DatabaseManagerTest.testUpdate -- Time elapsed: 0.194 s <<< FAILURE!
org.opentest4j.AssertionFailedError: 旧年龄 25 不该存在了 ==> expected: <false> but was: <true>
	at org.junit.jupiter.api.AssertionFailureBuilder.build(AssertionFailureBuilder.java:151)
	at org.junit.jupiter.api.AssertionFailureBuilder.buildAndThrow(AssertionFailureBuilder.java:132)
	at org.junit.jupiter.api.AssertFalse.failNotFalse(AssertFalse.java:63)
	at org.junit.jupiter.api.AssertFalse.assertFalse(AssertFalse.java:36)
	at org.junit.jupiter.api.Assertions.assertFalse(Assertions.java:239)
	at com.yourname.minisql.region.manager.DatabaseManagerTest.testUpdate(DatabaseManagerTest.java:85)
	at java.base/java.lang.reflect.Method.invoke(Method.java:569)
	at java.base/java.util.ArrayList.forEach(ArrayList.java:1511)
	at java.base/java.util.ArrayList.forEach(ArrayList.java:1511)

