<?xml version="1.0" encoding="UTF-8"?>
<testsuite xmlns:xsi="http://www.w3.org/2001/XMLSchema-instance" xsi:noNamespaceSchemaLocation="https://maven.apache.org/surefire/maven-surefire-plugin/xsd/surefire-test-report-3.0.xsd" version="3.0" name="com.yourname.minisql.region.manager.DatabaseManagerTest" time="0.208" tests="1" errors="0" skipped="0" failures="1">
  <properties>
[...]
</properties>
  <testcase name="testUpdate" classname="com.yourname.minisql.region.manager.DatabaseManagerTest" time="0.194">
    <failure message="旧年龄 25 不该存在了 ==&gt; expected: &lt;false&gt; but was: &lt;true&gt;" type="org.opentest4j.AssertionFailedError"><![CDATA[org.opentest4j.AssertionFailedError: 旧年龄 25 不该存在了 ==> expected: <false> but was: <true>
	at org.junit.jupiter.api.AssertionFailureBuilder.build(AssertionFailureBuilder.java:151)
	at org.junit.jupiter.api.AssertionFailureBuilder.buildAndThrow(AssertionFailureBuilder.java:132)
	at org.junit.jupiter.api.AssertFalse.failNotFalse(AssertFalse.java:63)
	at org.junit.jupiter.api.AssertFalse.assertFalse(AssertFalse.java:36)
	at org.junit.jupiter.api.Assertions.assertFalse(Assertions.java:239)
	at com.yourname.minisql.region.manager.DatabaseManagerTest.testUpdate(DatabaseManagerTest.java:85)
	at java.base/java.lang.reflect.Method.invoke(Method.java:569)
	at java.base/java.util.ArrayList.forEach(ArrayList.java:1511)
	at java.base/java.util.ArrayList.forEach(ArrayList.java:1511)
]]></failure>
    <system-out><![CDATA[=== DEBUG: selectRes = 'Row{name=Charlie, id=1002, age=26, timestamp=1779255053275}' ===
=== DEBUG: selectRes.length() = 59
=== DEBUG: contains('26') = true
=== DEBUG: contains('25') = true
=== DEBUG: chars = R o w { n a m e = C h a r l i e ,   i d = 1 0 0 2 ,   a g e = 2 6 ,   t i m e s t a m p = 1 7 7 9 2 5 5 0 5 3 2 7 5 } 
]]></system-out>
    <system-err><![CDATA[[main] INFO com.yourname.minisql.region.storage.WAL - WAL initialized at: /tmp/junit8270643972260240945/wal_0.log
[main] INFO com.yourname.minisql.region.storage.LSMTreeEngine - Recovery complete. Active MemTable is clean. SSTable count: 0
[main] INFO com.yourname.minisql.region.manager.DatabaseManager - Catalog file not found. Creating a clean schema map.
[main] INFO com.yourname.minisql.region.manager.DatabaseManager - Executing: CREATE TABLE students (id INT, name VARCHAR, age INT) -> ParsedSQL{type=CREATE_TABLE, table='students'}
[main] INFO com.yourname.minisql.region.manager.DatabaseManager - Successfully saved catalog metadata with 1 tables.
[main] INFO com.yourname.minisql.region.manager.DatabaseManager - Executing: INSERT INTO students (id, name, age) VALUES ('1002', 'Charlie', '25') -> ParsedSQL{type=INSERT, table='students'}
[main] INFO com.yourname.minisql.region.manager.DatabaseManager - Executing: UPDATE students SET age = '26' WHERE id = '1002' -> ParsedSQL{type=UPDATE, table='students'}
[main] INFO com.yourname.minisql.region.storage.LSMTreeEngine - [Engine Get] 准备查找 Key: 1002
[main] INFO com.yourname.minisql.region.storage.LSMTreeEngine - [Engine Get] 在 Active MemTable 中找到 Key: 1002
[main] INFO com.yourname.minisql.region.manager.DatabaseManager - Executing: SELECT * FROM students WHERE id = '1002' -> ParsedSQL{type=SELECT, table='students'}
[main] INFO com.yourname.minisql.region.storage.LSMTreeEngine - [Engine Get] 准备查找 Key: 1002
[main] INFO com.yourname.minisql.region.storage.LSMTreeEngine - [Engine Get] 在 Active MemTable 中找到 Key: 1002
[main] INFO com.yourname.minisql.region.manager.DatabaseManager - Successfully saved catalog metadata with 1 tables.
[main] INFO com.yourname.minisql.region.storage.LSMTreeEngine - Flushing MemTable to SSTable...
[main] INFO com.yourname.minisql.region.storage.SSTable - Created SSTable 0 with 1 entries, size: 154 bytes
[main] INFO com.yourname.minisql.region.storage.WAL - WAL initialized at: /tmp/junit8270643972260240945/wal_1.log
[main] INFO com.yourname.minisql.region.storage.WAL - Deleted old WAL file: /tmp/junit8270643972260240945/wal_0.log
[main] INFO com.yourname.minisql.region.storage.LSMTreeEngine - Flush complete. Current SSTable count: 1
]]></system-err>
  </testcase>
</testsuite>