<?xml version="1.0" encoding="UTF-8"?>
<testsuite xmlns:xsi="http://www.w3.org/2001/XMLSchema-instance" xsi:noNamespaceSchemaLocation="https://maven.apache.org/surefire/maven-surefire-plugin/xsd/surefire-test-report-3.0.xsd" version="3.0" name="com.yourname.minisql.region.master.MasterServerTest" time="0.057" tests="1" errors="0" skipped="0" failures="0">
  <properties>
[...]
</properties>
  <testcase name="testCreateTableRequest" classname="com.yourname.minisql.region.master.MasterServerTest" time="0.044">
    <system-out><![CDATA[
>>> Test: CREATE_TABLE Request <<<
Request body: '2 test_table'
Request body bytes: [50, 32, 116, 101, 115, 116, 95, 116, 97, 98, 108, 101]
Encoded request length: 34
Connected to Master on port 37627
Sent request, length: 34
Waiting for response...
Response length: 64
Received response data
Response status: 0
Response body: 'Table test_table created on localhost:8888'
>>> Test PASSED <<<

]]></system-out>
    <system-err><![CDATA[[main] INFO com.yourname.minisql.region.master.MasterServer - Static routing initialized: {orders=localhost:8889, users=localhost:8888}
[pool-3-thread-1] INFO com.yourname.minisql.region.master.MasterServer - Master server started on port 37627
[pool-3-thread-1] INFO com.yourname.minisql.region.master.MasterServer - Accepted connection from: /127.0.0.1:59180
[pool-2-thread-1] ERROR com.yourname.minisql.region.master.MasterServer - Error handling master request
java.io.EOFException
	at java.base/java.io.DataInputStream.readInt(DataInputStream.java:386)
	at com.yourname.minisql.region.master.MasterServer$MasterHandler.run(MasterServer.java:90)
	at java.base/java.util.concurrent.Executors$RunnableAdapter.call(Executors.java:539)
	at java.base/java.util.concurrent.FutureTask.run(FutureTask.java:264)
	at java.base/java.util.concurrent.ThreadPoolExecutor.runWorker(ThreadPoolExecutor.java:1136)
	at java.base/java.util.concurrent.ThreadPoolExecutor$Worker.run(ThreadPoolExecutor.java:635)
	at java.base/java.lang.Thread.run(Thread.java:840)
[pool-3-thread-1] INFO com.yourname.minisql.region.master.MasterServer - Accepted connection from: /127.0.0.1:59188
[pool-2-thread-1] INFO com.yourname.minisql.region.master.MasterServer - Master received request: type=2, requestId=1
[pool-2-thread-1] INFO com.yourname.minisql.region.master.MasterServer - Request type: 2, tableName: test_table
[pool-2-thread-1] INFO com.yourname.minisql.region.master.MasterServer - CREATE_TABLE: test_table -> localhost:8888
]]></system-err>
  </testcase>
</testsuite>