<?xml version="1.0" encoding="UTF-8"?>
<testsuite xmlns:xsi="http://www.w3.org/2001/XMLSchema-instance" xsi:noNamespaceSchemaLocation="https://maven.apache.org/surefire/maven-surefire-plugin/xsd/surefire-test-report-3.0.xsd" version="3.0" name="com.yourname.minisql.region.network.RegionServerTestDebug" time="0.298" tests="5" errors="0" skipped="0" failures="3">
  <properties>
[...]
</properties>
  <testcase name="testConnectivity" classname="com.yourname.minisql.region.network.RegionServerTestDebug" time="0.07">
    <system-out><![CDATA[
=== setUp 开始 ===
找到空闲端口: 44927
创建 DatabaseManager，数据目录: /tmp/junit18427406906679708253
创建 RegionServer，端口: 44927
启动 RegionServer...
等待服务器启动...
  尝试连接 (attempt 1) 到端口 44927
  连接成功！
服务器已启动，端口: 44927
=== setUp 完成 ===


>>> 测试连接性 <<<
尝试连接到 localhost:44927
连接成功！
>>> 测试通过 <<<


=== tearDown 开始 ===
停止 RegionServer...
关闭 DatabaseManager...
RegionServer 启动成功
关闭线程池...
=== tearDown 完成 ===

]]></system-out>
    <system-err><![CDATA[[main] INFO com.yourname.minisql.region.storage.WAL - WAL initialized at: /tmp/junit18427406906679708253/wal_0.log
[main] INFO com.yourname.minisql.region.storage.LSMTreeEngine - Recovery complete. Active MemTable is clean. SSTable count: 0
[main] INFO com.yourname.minisql.region.manager.DatabaseManager - Catalog file not found. Creating a clean schema map.
[pool-3-thread-1] INFO com.yourname.minisql.region.network.RegionServer - Region server started on port 44927
[pool-2-thread-1] INFO com.yourname.minisql.region.network.RegionServer - Client connected: /127.0.0.1:46102
[pool-2-thread-2] INFO com.yourname.minisql.region.network.RegionServer - Client connected: /127.0.0.1:46114
[main] INFO com.yourname.minisql.region.manager.DatabaseManager - Successfully saved catalog metadata with 0 tables.
]]></system-err>
  </testcase>
  <testcase name="testCreateTable" classname="com.yourname.minisql.region.network.RegionServerTestDebug" time="0.051">
    <system-out><![CDATA[
=== setUp 开始 ===
找到空闲端口: 45541
创建 DatabaseManager，数据目录: /tmp/junit667041106603979006
创建 RegionServer，端口: 45541
启动 RegionServer...
等待服务器启动...
  尝试连接 (attempt 1) 到端口 45541
  连接成功！
服务器已启动，端口: 45541
=== setUp 完成 ===


>>> 测试 CREATE TABLE <<<
发送 SQL: CREATE TABLE users (id STRING, name STRING, age INT)
  [发送] 编码消息...
  [发送] 消息长度: 74
  [发送] 已连接到服务器
  [发送] 已发送请求
  [接收] 等待响应...
  [接收] 响应长度: 72
  [接收] 已读取响应数据
  [接收] 响应内容: Table 'users' created successfully with 3 columns.
收到响应: 'Table 'users' created successfully with 3 columns.'
>>> 测试通过 <<<


=== tearDown 开始 ===
停止 RegionServer...
关闭 DatabaseManager...
RegionServer 启动成功
关闭线程池...
=== tearDown 完成 ===

]]></system-out>
    <system-err><![CDATA[[main] INFO com.yourname.minisql.region.storage.WAL - WAL initialized at: /tmp/junit667041106603979006/wal_0.log
[main] INFO com.yourname.minisql.region.storage.LSMTreeEngine - Recovery complete. Active MemTable is clean. SSTable count: 0
[main] INFO com.yourname.minisql.region.manager.DatabaseManager - Catalog file not found. Creating a clean schema map.
[pool-5-thread-1] INFO com.yourname.minisql.region.network.RegionServer - Region server started on port 45541
[pool-4-thread-1] INFO com.yourname.minisql.region.network.RegionServer - Client connected: /127.0.0.1:34378
[pool-4-thread-1] INFO com.yourname.minisql.region.network.RegionServer - Client connected: /127.0.0.1:34380
[pool-4-thread-1] INFO com.yourname.minisql.region.network.RegionServer - Executing SQL: CREATE TABLE users (id STRING, name STRING, age INT)
[pool-4-thread-1] INFO com.yourname.minisql.region.manager.DatabaseManager - Executing: CREATE TABLE users (id STRING, name STRING, age INT) -> ParsedSQL{type=CREATE_TABLE, table='users'}
[pool-4-thread-1] INFO com.yourname.minisql.region.manager.DatabaseManager - Successfully saved catalog metadata with 1 tables.
[main] INFO com.yourname.minisql.region.manager.DatabaseManager - Successfully saved catalog metadata with 1 tables.
]]></system-err>
  </testcase>
  <testcase name="testDelete" classname="com.yourname.minisql.region.network.RegionServerTestDebug" time="0.12">
    <failure message="删除后不应找到数据，实际响应: Table not found: users ==&gt; expected: &lt;true&gt; but was: &lt;false&gt;" type="org.opentest4j.AssertionFailedError"><![CDATA[org.opentest4j.AssertionFailedError: 删除后不应找到数据，实际响应: Table not found: users ==> expected: <true> but was: <false>
	at org.junit.jupiter.api.AssertionFailureBuilder.build(AssertionFailureBuilder.java:151)
	at org.junit.jupiter.api.AssertionFailureBuilder.buildAndThrow(AssertionFailureBuilder.java:132)
	at org.junit.jupiter.api.AssertTrue.failNotTrue(AssertTrue.java:63)
	at org.junit.jupiter.api.AssertTrue.assertTrue(AssertTrue.java:36)
	at org.junit.jupiter.api.Assertions.assertTrue(Assertions.java:214)
	at com.yourname.minisql.region.network.RegionServerTestDebug.testDelete(RegionServerTestDebug.java:164)
	at java.base/java.lang.reflect.Method.invoke(Method.java:569)
	at java.base/java.util.ArrayList.forEach(ArrayList.java:1511)
	at java.base/java.util.ArrayList.forEach(ArrayList.java:1511)
]]></failure>
    <system-out><![CDATA[
=== setUp 开始 ===
找到空闲端口: 35415
创建 DatabaseManager，数据目录: /tmp/junit11168148891510402225
创建 RegionServer，端口: 35415
启动 RegionServer...
等待服务器启动...
  尝试连接 (attempt 1) 到端口 35415
  连接成功！
服务器已启动，端口: 35415
=== setUp 完成 ===


>>> 测试 DELETE <<<
步骤1: 创建表
  [发送] 编码消息...
  [发送] 消息长度: 40
  [发送] 已连接到服务器
  [发送] 已发送请求
  [接收] 等待响应...
  [接收] 响应长度: 63
  [接收] 已读取响应数据
  [接收] 响应内容: Error: No columns defined for table users
步骤2: 插入数据
  [发送] 编码消息...
  [发送] 消息长度: 83
  [发送] 已连接到服务器
  [发送] 已发送请求
  [接收] 等待响应...
  [接收] 响应长度: 44
  [接收] 已读取响应数据
  [接收] 响应内容: Table not found: users
步骤3: 删除数据
发送 SQL: DELETE FROM users WHERE id = '1'
  [发送] 编码消息...
  [发送] 消息长度: 54
  [发送] 已连接到服务器
  [发送] 已发送请求
  [接收] 等待响应...
  [接收] 响应长度: 45
  [接收] 已读取响应数据
  [接收] 响应内容: Deleted row with key: 1
删除响应: 'Deleted row with key: 1'
步骤4: 验证删除
  [发送] 编码消息...
  [发送] 消息长度: 56
  [发送] 已连接到服务器
  [发送] 已发送请求
  [接收] 等待响应...
  [接收] 响应长度: 44
  [接收] 已读取响应数据
  [接收] 响应内容: Table not found: users
查询响应: 'Table not found: users'

=== tearDown 开始 ===
停止 RegionServer...
关闭 DatabaseManager...
RegionServer 启动成功
关闭线程池...
=== tearDown 完成 ===

]]></system-out>
    <system-err><![CDATA[[main] INFO com.yourname.minisql.region.storage.WAL - WAL initialized at: /tmp/junit11168148891510402225/wal_0.log
[main] INFO com.yourname.minisql.region.storage.LSMTreeEngine - Recovery complete. Active MemTable is clean. SSTable count: 0
[main] INFO com.yourname.minisql.region.manager.DatabaseManager - Catalog file not found. Creating a clean schema map.
[pool-8-thread-1] INFO com.yourname.minisql.region.network.RegionServer - Region server started on port 35415
[pool-7-thread-1] INFO com.yourname.minisql.region.network.RegionServer - Client connected: /127.0.0.1:37220
[pool-7-thread-2] INFO com.yourname.minisql.region.network.RegionServer - Client connected: /127.0.0.1:37230
[pool-7-thread-2] INFO com.yourname.minisql.region.network.RegionServer - Executing SQL: CREATE TABLE users
[pool-7-thread-2] INFO com.yourname.minisql.region.manager.DatabaseManager - Executing: CREATE TABLE users -> ParsedSQL{type=CREATE_TABLE, table='users'}
[pool-7-thread-2] INFO com.yourname.minisql.region.network.RegionServer - Client connected: /127.0.0.1:37242
[pool-7-thread-2] INFO com.yourname.minisql.region.network.RegionServer - Executing SQL: INSERT INTO users (id, name, age) VALUES ('1', 'Alice', '25')
[pool-7-thread-2] INFO com.yourname.minisql.region.manager.DatabaseManager - Executing: INSERT INTO users (id, name, age) VALUES ('1', 'Alice', '25') -> ParsedSQL{type=INSERT, table='users'}
[pool-7-thread-2] INFO com.yourname.minisql.region.network.RegionServer - Client connected: /127.0.0.1:37244
[pool-7-thread-2] INFO com.yourname.minisql.region.network.RegionServer - Executing SQL: DELETE FROM users WHERE id = '1'
[pool-7-thread-2] INFO com.yourname.minisql.region.manager.DatabaseManager - Executing: DELETE FROM users WHERE id = '1' -> ParsedSQL{type=DELETE, table='users'}
[pool-7-thread-2] INFO com.yourname.minisql.region.network.RegionServer - Client connected: /127.0.0.1:37246
[pool-7-thread-2] INFO com.yourname.minisql.region.network.RegionServer - Executing SQL: SELECT * FROM users WHERE id = '1'
[pool-7-thread-2] INFO com.yourname.minisql.region.manager.DatabaseManager - Executing: SELECT * FROM users WHERE id = '1' -> ParsedSQL{type=SELECT, table='users'}
[main] INFO com.yourname.minisql.region.manager.DatabaseManager - Successfully saved catalog metadata with 0 tables.
[main] INFO com.yourname.minisql.region.storage.LSMTreeEngine - Flushing MemTable to SSTable...
[main] INFO com.yourname.minisql.region.storage.SSTable - Created SSTable 0 with 1 entries, size: 72 bytes
[main] INFO com.yourname.minisql.region.storage.WAL - WAL initialized at: /tmp/junit11168148891510402225/wal_1.log
[main] INFO com.yourname.minisql.region.storage.WAL - Deleted old WAL file: /tmp/junit11168148891510402225/wal_0.log
[main] INFO com.yourname.minisql.region.storage.LSMTreeEngine - Flush complete. Current SSTable count: 1
]]></system-err>
  </testcase>
  <testcase name="testInsert" classname="com.yourname.minisql.region.network.RegionServerTestDebug" time="0.008">
    <failure message="插入应返回成功信息，实际响应: Table not found: users ==&gt; expected: &lt;true&gt; but was: &lt;false&gt;" type="org.opentest4j.AssertionFailedError"><![CDATA[org.opentest4j.AssertionFailedError: 插入应返回成功信息，实际响应: Table not found: users ==> expected: <true> but was: <false>
	at org.junit.jupiter.api.AssertionFailureBuilder.build(AssertionFailureBuilder.java:151)
	at org.junit.jupiter.api.AssertionFailureBuilder.buildAndThrow(AssertionFailureBuilder.java:132)
	at org.junit.jupiter.api.AssertTrue.failNotTrue(AssertTrue.java:63)
	at org.junit.jupiter.api.AssertTrue.assertTrue(AssertTrue.java:36)
	at org.junit.jupiter.api.Assertions.assertTrue(Assertions.java:214)
	at com.yourname.minisql.region.network.RegionServerTestDebug.testInsert(RegionServerTestDebug.java:112)
	at java.base/java.lang.reflect.Method.invoke(Method.java:569)
	at java.base/java.util.ArrayList.forEach(ArrayList.java:1511)
	at java.base/java.util.ArrayList.forEach(ArrayList.java:1511)
]]></failure>
    <system-out><![CDATA[
=== setUp 开始 ===
找到空闲端口: 44729
创建 DatabaseManager，数据目录: /tmp/junit10241482951889210034
创建 RegionServer，端口: 44729
启动 RegionServer...
等待服务器启动...
  尝试连接 (attempt 1) 到端口 44729
  连接成功！
服务器已启动，端口: 44729
=== setUp 完成 ===


>>> 测试 INSERT <<<
步骤1: 创建表
  [发送] 编码消息...
  [发送] 消息长度: 40
  [发送] 已连接到服务器
  [发送] 已发送请求
  [接收] 等待响应...
  [接收] 响应长度: 63
  [接收] 已读取响应数据
  [接收] 响应内容: Error: No columns defined for table users
建表响应: Error: No columns defined for table users
步骤2: 插入数据
发送 SQL: INSERT INTO users (id, name, age) VALUES ('1', 'Alice', '25')
  [发送] 编码消息...
  [发送] 消息长度: 83
  [发送] 已连接到服务器
  [发送] 已发送请求
  [接收] 等待响应...
  [接收] 响应长度: 44
  [接收] 已读取响应数据
  [接收] 响应内容: Table not found: users
收到响应: 'Table not found: users'

=== tearDown 开始 ===
停止 RegionServer...
关闭 DatabaseManager...
RegionServer 启动成功
关闭线程池...
=== tearDown 完成 ===

]]></system-out>
    <system-err><![CDATA[[main] INFO com.yourname.minisql.region.storage.WAL - WAL initialized at: /tmp/junit10241482951889210034/wal_0.log
[main] INFO com.yourname.minisql.region.storage.LSMTreeEngine - Recovery complete. Active MemTable is clean. SSTable count: 0
[main] INFO com.yourname.minisql.region.manager.DatabaseManager - Catalog file not found. Creating a clean schema map.
[pool-14-thread-1] INFO com.yourname.minisql.region.network.RegionServer - Region server started on port 44729
[pool-13-thread-1] INFO com.yourname.minisql.region.network.RegionServer - Client connected: /127.0.0.1:34650
[pool-13-thread-1] INFO com.yourname.minisql.region.network.RegionServer - Client connected: /127.0.0.1:34652
[pool-13-thread-1] INFO com.yourname.minisql.region.network.RegionServer - Executing SQL: CREATE TABLE users
[pool-13-thread-1] INFO com.yourname.minisql.region.manager.DatabaseManager - Executing: CREATE TABLE users -> ParsedSQL{type=CREATE_TABLE, table='users'}
[pool-13-thread-1] INFO com.yourname.minisql.region.network.RegionServer - Client connected: /127.0.0.1:34662
[pool-13-thread-1] INFO com.yourname.minisql.region.network.RegionServer - Executing SQL: INSERT INTO users (id, name, age) VALUES ('1', 'Alice', '25')
[pool-13-thread-1] INFO com.yourname.minisql.region.manager.DatabaseManager - Executing: INSERT INTO users (id, name, age) VALUES ('1', 'Alice', '25') -> ParsedSQL{type=INSERT, table='users'}
[main] INFO com.yourname.minisql.region.manager.DatabaseManager - Successfully saved catalog metadata with 0 tables.
]]></system-err>
  </testcase>
  <testcase name="testSelect" classname="com.yourname.minisql.region.network.RegionServerTestDebug" time="0.019">
    <failure message="响应应包含 &apos;Alice&apos;，实际响应: Table not found: users ==&gt; expected: &lt;true&gt; but was: &lt;false&gt;" type="org.opentest4j.AssertionFailedError"><![CDATA[org.opentest4j.AssertionFailedError: 响应应包含 'Alice'，实际响应: Table not found: users ==> expected: <true> but was: <false>
	at org.junit.jupiter.api.AssertionFailureBuilder.build(AssertionFailureBuilder.java:151)
	at org.junit.jupiter.api.AssertionFailureBuilder.buildAndThrow(AssertionFailureBuilder.java:132)
	at org.junit.jupiter.api.AssertTrue.failNotTrue(AssertTrue.java:63)
	at org.junit.jupiter.api.AssertTrue.assertTrue(AssertTrue.java:36)
	at org.junit.jupiter.api.Assertions.assertTrue(Assertions.java:214)
	at com.yourname.minisql.region.network.RegionServerTestDebug.testSelect(RegionServerTestDebug.java:137)
	at java.base/java.lang.reflect.Method.invoke(Method.java:569)
	at java.base/java.util.ArrayList.forEach(ArrayList.java:1511)
	at java.base/java.util.ArrayList.forEach(ArrayList.java:1511)
]]></failure>
    <system-out><![CDATA[
=== setUp 开始 ===
找到空闲端口: 45037
创建 DatabaseManager，数据目录: /tmp/junit7610586963110580496
创建 RegionServer，端口: 45037
启动 RegionServer...
等待服务器启动...
  尝试连接 (attempt 1) 到端口 45037
  连接成功！
服务器已启动，端口: 45037
=== setUp 完成 ===


>>> 测试 SELECT <<<
步骤1: 创建表
  [发送] 编码消息...
  [发送] 消息长度: 40
  [发送] 已连接到服务器
  [发送] 已发送请求
  [接收] 等待响应...
  [接收] 响应长度: 63
  [接收] 已读取响应数据
  [接收] 响应内容: Error: No columns defined for table users
步骤2: 插入数据
  [发送] 编码消息...
  [发送] 消息长度: 83
  [发送] 已连接到服务器
  [发送] 已发送请求
  [接收] 等待响应...
  [接收] 响应长度: 44
  [接收] 已读取响应数据
  [接收] 响应内容: Table not found: users
步骤3: 查询数据
发送 SQL: SELECT * FROM users WHERE id = '1'
  [发送] 编码消息...
  [发送] 消息长度: 56
  [发送] 已连接到服务器
  [发送] 已发送请求
  [接收] 等待响应...
  [接收] 响应长度: 44
  [接收] 已读取响应数据
  [接收] 响应内容: Table not found: users
收到响应: 'Table not found: users'

=== tearDown 开始 ===
停止 RegionServer...
关闭 DatabaseManager...
RegionServer 启动成功
关闭线程池...
=== tearDown 完成 ===

]]></system-out>
    <system-err><![CDATA[[main] INFO com.yourname.minisql.region.storage.WAL - WAL initialized at: /tmp/junit7610586963110580496/wal_0.log
[main] INFO com.yourname.minisql.region.storage.LSMTreeEngine - Recovery complete. Active MemTable is clean. SSTable count: 0
[main] INFO com.yourname.minisql.region.manager.DatabaseManager - Catalog file not found. Creating a clean schema map.
[pool-18-thread-1] INFO com.yourname.minisql.region.network.RegionServer - Region server started on port 45037
[pool-17-thread-1] INFO com.yourname.minisql.region.network.RegionServer - Client connected: /127.0.0.1:53086
[pool-17-thread-1] INFO com.yourname.minisql.region.network.RegionServer - Client connected: /127.0.0.1:53088
[pool-17-thread-1] INFO com.yourname.minisql.region.network.RegionServer - Executing SQL: CREATE TABLE users
[pool-17-thread-1] INFO com.yourname.minisql.region.manager.DatabaseManager - Executing: CREATE TABLE users -> ParsedSQL{type=CREATE_TABLE, table='users'}
[pool-17-thread-1] INFO com.yourname.minisql.region.network.RegionServer - Client connected: /127.0.0.1:53094
[pool-17-thread-1] INFO com.yourname.minisql.region.network.RegionServer - Executing SQL: INSERT INTO users (id, name, age) VALUES ('1', 'Alice', '25')
[pool-17-thread-1] INFO com.yourname.minisql.region.manager.DatabaseManager - Executing: INSERT INTO users (id, name, age) VALUES ('1', 'Alice', '25') -> ParsedSQL{type=INSERT, table='users'}
[pool-17-thread-1] INFO com.yourname.minisql.region.network.RegionServer - Client connected: /127.0.0.1:53108
[pool-17-thread-1] INFO com.yourname.minisql.region.network.RegionServer - Executing SQL: SELECT * FROM users WHERE id = '1'
[pool-17-thread-1] INFO com.yourname.minisql.region.manager.DatabaseManager - Executing: SELECT * FROM users WHERE id = '1' -> ParsedSQL{type=SELECT, table='users'}
[main] INFO com.yourname.minisql.region.manager.DatabaseManager - Successfully saved catalog metadata with 0 tables.
]]></system-err>
  </testcase>
</testsuite>