<?xml version="1.0" encoding="UTF-8"?>
<testsuite xmlns:xsi="http://www.w3.org/2001/XMLSchema-instance" xsi:noNamespaceSchemaLocation="https://maven.apache.org/surefire/maven-surefire-plugin/xsd/surefire-test-report-3.0.xsd" version="3.0" name="com.yourname.minisql.region.manager.DatabaseManagerTest" time="1.873" tests="5" errors="0" skipped="0" failures="0">
  <properties>
[...]
</properties>
  <testcase name="testInsertAndSelect" classname="com.yourname.minisql.region.manager.DatabaseManagerTest" time="0.175">
    <system-err><![CDATA[[main] INFO com.yourname.minisql.region.storage.WAL - WAL initialized at: /tmp/junit8591152109757678721/wal_0.log
[main] INFO com.yourname.minisql.region.storage.LSMTreeEngine - Recovery complete. Active MemTable is clean. SSTable count: 0
[main] INFO com.yourname.minisql.region.manager.DatabaseManager - Catalog file not found. Creating a clean schema map.
[main] INFO com.yourname.minisql.region.manager.DatabaseManager - Executing: CREATE TABLE students (id INT, name VARCHAR, age INT) -> ParsedSQL{type=CREATE_TABLE, table='students'}
[main] INFO com.yourname.minisql.region.manager.DatabaseManager - Successfully saved catalog metadata with 1 tables.
[main] INFO com.yourname.minisql.region.manager.DatabaseManager - Executing: INSERT INTO students (id, name, age) VALUES ('1001', 'Alice', '20') -> ParsedSQL{type=INSERT, table='students'}
[main] INFO com.yourname.minisql.region.manager.DatabaseManager - Executing: SELECT * FROM students WHERE id = '1001' -> ParsedSQL{type=SELECT, table='students'}
[main] INFO com.yourname.minisql.region.storage.LSMTreeEngine - [Engine Get] 准备查找 Key: 1001
[main] INFO com.yourname.minisql.region.storage.LSMTreeEngine - [Engine Get] 在 Active MemTable 中找到 Key: 1001
[main] INFO com.yourname.minisql.region.manager.DatabaseManager - Successfully saved catalog metadata with 1 tables.
[main] INFO com.yourname.minisql.region.storage.LSMTreeEngine - Flushing MemTable to SSTable...
[main] INFO com.yourname.minisql.region.storage.SSTable - Created SSTable 0 with 1 entries, size: 150 bytes
[main] INFO com.yourname.minisql.region.storage.WAL - WAL initialized at: /tmp/junit8591152109757678721/wal_1.log
[main] INFO com.yourname.minisql.region.storage.WAL - Deleted old WAL file: /tmp/junit8591152109757678721/wal_0.log
[main] INFO com.yourname.minisql.region.storage.LSMTreeEngine - Flush complete. Current SSTable count: 1
]]></system-err>
  </testcase>
  <testcase name="testInsertWithoutPrimaryKey" classname="com.yourname.minisql.region.manager.DatabaseManagerTest" time="0.009">
    <system-err><![CDATA[[main] INFO com.yourname.minisql.region.storage.WAL - WAL initialized at: /tmp/junit576951337961914973/wal_0.log
[main] INFO com.yourname.minisql.region.storage.LSMTreeEngine - Recovery complete. Active MemTable is clean. SSTable count: 0
[main] INFO com.yourname.minisql.region.manager.DatabaseManager - Catalog file not found. Creating a clean schema map.
[main] INFO com.yourname.minisql.region.manager.DatabaseManager - Executing: CREATE TABLE students (id INT, name VARCHAR, age INT) -> ParsedSQL{type=CREATE_TABLE, table='students'}
[main] INFO com.yourname.minisql.region.manager.DatabaseManager - Successfully saved catalog metadata with 1 tables.
[main] INFO com.yourname.minisql.region.manager.DatabaseManager - Executing: INSERT INTO students (name, age) VALUES ('Bob', '22') -> ParsedSQL{type=INSERT, table='students'}
[main] INFO com.yourname.minisql.region.manager.DatabaseManager - Successfully saved catalog metadata with 1 tables.
]]></system-err>
  </testcase>
  <testcase name="testDelete" classname="com.yourname.minisql.region.manager.DatabaseManagerTest" time="0.013">
    <system-err><![CDATA[[main] INFO com.yourname.minisql.region.storage.WAL - WAL initialized at: /tmp/junit17844986591029225891/wal_0.log
[main] INFO com.yourname.minisql.region.storage.LSMTreeEngine - Recovery complete. Active MemTable is clean. SSTable count: 0
[main] INFO com.yourname.minisql.region.manager.DatabaseManager - Catalog file not found. Creating a clean schema map.
[main] INFO com.yourname.minisql.region.manager.DatabaseManager - Executing: CREATE TABLE students (id INT, name VARCHAR, age INT) -> ParsedSQL{type=CREATE_TABLE, table='students'}
[main] INFO com.yourname.minisql.region.manager.DatabaseManager - Successfully saved catalog metadata with 1 tables.
[main] INFO com.yourname.minisql.region.manager.DatabaseManager - Executing: INSERT INTO students (id, name, age) VALUES ('1003', 'David', '30') -> ParsedSQL{type=INSERT, table='students'}
[main] INFO com.yourname.minisql.region.manager.DatabaseManager - Executing: SELECT * FROM students WHERE id = '1003' -> ParsedSQL{type=SELECT, table='students'}
[main] INFO com.yourname.minisql.region.storage.LSMTreeEngine - [Engine Get] 准备查找 Key: 1003
[main] INFO com.yourname.minisql.region.storage.LSMTreeEngine - [Engine Get] 在 Active MemTable 中找到 Key: 1003
[main] INFO com.yourname.minisql.region.manager.DatabaseManager - Executing: DELETE FROM students WHERE id = '1003' -> ParsedSQL{type=DELETE, table='students'}
[main] INFO com.yourname.minisql.region.manager.DatabaseManager - Executing: SELECT * FROM students WHERE id = '1003' -> ParsedSQL{type=SELECT, table='students'}
[main] INFO com.yourname.minisql.region.storage.LSMTreeEngine - [Engine Get] 准备查找 Key: 1003
[main] INFO com.yourname.minisql.region.storage.LSMTreeEngine - [Engine Get] 在 Active MemTable 中找到 Key: 1003
[main] INFO com.yourname.minisql.region.manager.DatabaseManager - Successfully saved catalog metadata with 1 tables.
[main] INFO com.yourname.minisql.region.storage.LSMTreeEngine - Flushing MemTable to SSTable...
[main] INFO com.yourname.minisql.region.storage.SSTable - Created SSTable 0 with 1 entries, size: 75 bytes
[main] INFO com.yourname.minisql.region.storage.WAL - WAL initialized at: /tmp/junit17844986591029225891/wal_1.log
[main] INFO com.yourname.minisql.region.storage.WAL - Deleted old WAL file: /tmp/junit17844986591029225891/wal_0.log
[main] INFO com.yourname.minisql.region.storage.LSMTreeEngine - Flush complete. Current SSTable count: 1
]]></system-err>
  </testcase>
  <testcase name="testUpdate" classname="com.yourname.minisql.region.manager.DatabaseManagerTest" time="0.014">
    <system-err><![CDATA[[main] INFO com.yourname.minisql.region.storage.WAL - WAL initialized at: /tmp/junit8137066229213540772/wal_0.log
[main] INFO com.yourname.minisql.region.storage.LSMTreeEngine - Recovery complete. Active MemTable is clean. SSTable count: 0
[main] INFO com.yourname.minisql.region.manager.DatabaseManager - Catalog file not found. Creating a clean schema map.
[main] INFO com.yourname.minisql.region.manager.DatabaseManager - Executing: CREATE TABLE students (id INT, name VARCHAR, age INT) -> ParsedSQL{type=CREATE_TABLE, table='students'}
[main] INFO com.yourname.minisql.region.manager.DatabaseManager - Successfully saved catalog metadata with 1 tables.
[main] INFO com.yourname.minisql.region.manager.DatabaseManager - Executing: INSERT INTO students (id, name, age) VALUES ('1002', 'Charlie', '25') -> ParsedSQL{type=INSERT, table='students'}
[main] INFO com.yourname.minisql.region.manager.DatabaseManager - Executing: UPDATE students SET age = '26' WHERE id = '1002' -> ParsedSQL{type=UPDATE, table='students'}
[main] INFO com.yourname.minisql.region.storage.LSMTreeEngine - [Engine Get] 准备查找 Key: 1002
[main] INFO com.yourname.minisql.region.storage.LSMTreeEngine - [Engine Get] 在 Active MemTable 中找到 Key: 1002
[main] INFO com.yourname.minisql.region.manager.DatabaseManager - Executing: SELECT * FROM students WHERE id = '1002' -> ParsedSQL{type=SELECT, table='students'}
[main] INFO com.yourname.minisql.region.storage.LSMTreeEngine - [Engine Get] 准备查找 Key: 1002
[main] INFO com.yourname.minisql.region.storage.LSMTreeEngine - [Engine Get] 在 Active MemTable 中找到 Key: 1002
[main] INFO com.yourname.minisql.region.manager.DatabaseManager - Successfully saved catalog metadata with 1 tables.
[main] INFO com.yourname.minisql.region.storage.LSMTreeEngine - Flushing MemTable to SSTable...
[main] INFO com.yourname.minisql.region.storage.SSTable - Created SSTable 0 with 1 entries, size: 154 bytes
[main] INFO com.yourname.minisql.region.storage.WAL - WAL initialized at: /tmp/junit8137066229213540772/wal_1.log
[main] INFO com.yourname.minisql.region.storage.WAL - Deleted old WAL file: /tmp/junit8137066229213540772/wal_0.log
[main] INFO com.yourname.minisql.region.storage.LSMTreeEngine - Flush complete. Current SSTable count: 1
]]></system-err>
  </testcase>
  <testcase name="testMultipleSSTables" classname="com.yourname.minisql.region.manager.DatabaseManagerTest" time="1.639">
    <system-out><![CDATA[--- 开始执行大批量写入测试 ---
插入 3000 条数据后的引擎状态：
=== LSM Tree Stats ===
MemTable entries: 341
MemTable size: 49 KB
SSTable count: 4
=====================
--- 多 SSTable 读写测试通过 ---
]]></system-out>
    <system-err><![CDATA[[main] INFO com.yourname.minisql.region.storage.WAL - WAL initialized at: /tmp/junit58942453498140625/wal_0.log
[main] INFO com.yourname.minisql.region.storage.LSMTreeEngine - Recovery complete. Active MemTable is clean. SSTable count: 0
[main] INFO com.yourname.minisql.region.manager.DatabaseManager - Catalog file not found. Creating a clean schema map.
[main] INFO com.yourname.minisql.region.manager.DatabaseManager - Executing: CREATE TABLE students (id INT, name VARCHAR, age INT) -> ParsedSQL{type=CREATE_TABLE, table='students'}
[main] INFO com.yourname.minisql.region.manager.DatabaseManager - Successfully saved catalog metadata with 1 tables.
[main] INFO com.yourname.minisql.region.manager.DatabaseManager - Executing: INSERT INTO students (id, name, age) VALUES ('1', 'User_1', '21') -> ParsedSQL{type=INSERT, table='students'}
[main] INFO com.yourname.minisql.region.manager.DatabaseManager - Executing: INSERT INTO students (id, name, age) VALUES ('2', 'User_2', '22') -> ParsedSQL{type=INSERT, table='students'}
[main] INFO com.yourname.minisql.region.manager.DatabaseManager - Executing: INSERT INTO students (id, name, age) VALUES ('3', 'User_3', '23') -> ParsedSQL{type=INSERT, table='students'}
[main] INFO com.yourname.minisql.region.manager.DatabaseManager - Executing: INSERT INTO students (id, name, age) VALUES ('4', 'User_4', '24') -> ParsedSQL{type=INSERT, table='students'}
[main] INFO com.yourname.minisql.region.manager.DatabaseManager - Executing: INSERT INTO students (id, name, age) VALUES ('5', 'User_5', '25') -> ParsedSQL{type=INSERT, table='students'}
[main] INFO com.yourname.minisql.region.manager.DatabaseManager - Executing: INSERT INTO students (id, name, age) VALUES ('6', 'User_6', '26') -> ParsedSQL{type=INSERT, table='students'}
[main] INFO com.yourname.minisql.region.manager.DatabaseManager - Executing: INSERT INTO students (id, name, age) VALUES ('7', 'User_7', '27') -> ParsedSQL{type=INSERT, table='students'}
[main] INFO com.yourname.minisql.region.manager.DatabaseManager - Executing: INSERT INTO students (id, name, age) VALUES ('8', 'User_8', '28') -> ParsedSQL{type=INSERT, table='students'}
[main] INFO com.yourname.minisql.region.manager.DatabaseManager - Executing: INSERT INTO students (id, name, age) VALUES ('9', 'User_9', '29') -> ParsedSQL{type=INSERT, table='students'}
[main] INFO com.yourname.minisql.region.manager.DatabaseManager - Executing: INSERT INTO students (id, name, age) VALUES ('10', 'User_10', '20') -> ParsedSQL{type=INSERT, table='students'}
[main] INFO com.yourname.minisql.region.manager.DatabaseManager - Executing: INSERT INTO students (id, name, age) VALUES ('11', 'User_11', '21') -> ParsedSQL{type=INSERT, table='students'}
[main] INFO com.yourname.minisql.region.manager.DatabaseManager - Executing: INSERT INTO students (id, name, age) VALUES ('12', 'User_12', '22') -> ParsedSQL{type=INSERT, table='students'}
[main] INFO com.yourname.minisql.region.manager.DatabaseManager - Executing: INSERT INTO students (id, name, age) VALUES ('13', 'User_13', '23') -> ParsedSQL{type=INSERT, table='students'}
[main] INFO com.yourname.minisql.region.manager.DatabaseManager - Executing: INSERT INTO students (id, name, age) VALUES ('14', 'User_14', '24') -> ParsedSQL{type=INSERT, table='students'}
[main] INFO com.yourname.minisql.region.manager.DatabaseManager - Executing: INSERT INTO students (id, name, age) VALUES ('15', 'User_15', '25') -> ParsedSQL{type=INSERT, table='students'}
[main] INFO com.yourname.minisql.region.manager.DatabaseManager - Executing: INSERT INTO students (id, name, age) VALUES ('16', 'User_16', '26') -> ParsedSQL{type=INSERT, table='students'}
[main] INFO com.yourname.minisql.region.manager.DatabaseManager - Executing: INSERT INTO students (id, name, age) VALUES ('17', 'User_17', '27') -> ParsedSQL{type=INSERT, table='students'}
[main] INFO com.yourname.minisql.region.manager.DatabaseManager - Executing: INSERT INTO students (id, name, age) VALUES ('18', 'User_18', '28') -> ParsedSQL{type=INSERT, table='students'}
[main] INFO com.yourname.minisql.region.manager.DatabaseManager - Executing: INSERT INTO students (id, name, age) VALUES ('19', 'User_19', '29') -> ParsedSQL{type=INSERT, table='students'}
[main] INFO com.yourname.minisql.region.manager.DatabaseManager - Executing: INSERT INTO students (id, name, age) VALUES ('20', 'User_20', '20') -> ParsedSQL{type=INSERT, table='students'}
[main] INFO com.yourname.minisql.region.manager.DatabaseManager - Executing: INSERT INTO students (id, name, age) VALUES ('21', 'User_21', '21') -> ParsedSQL{type=INSERT, table='students'}
[main] INFO com.yourname.minisql.region.manager.DatabaseManager - Executing: INSERT INTO students (id, name, age) VALUES ('22', 'User_22', '22') -> ParsedSQL{type=INSERT, table='students'}
[main] INFO com.yourname.minisql.region.manager.DatabaseManager - Executing: INSERT INTO students (id, name, age) VALUES ('23', 'User_23', '23') -> ParsedSQL{type=INSERT, table='students'}
[main] INFO com.yourname.minisql.region.manager.DatabaseManager - Executing: INSERT INTO students (id, name, age) VALUES ('24', 'User_24', '24') -> ParsedSQL{type=INSERT, table='students'}
[main] INFO com.yourname.minisql.region.manager.DatabaseManager - Executing: INSERT INTO students (id, name, age) VALUES ('25', 'User_25', '25') -> ParsedSQL{type=INSERT, table='students'}
[main] INFO com.yourname.minisql.region.manager.DatabaseManager - Executing: INSERT INTO students (id, name, age) VALUES ('26', 'User_26', '26') -> ParsedSQL{type=INSERT, table='students'}
[main] INFO com.yourname.minisql.region.manager.DatabaseManager - Executing: INSERT INTO students (id, name, age) VALUES ('27', 'User_27', '27') -> ParsedSQL{type=INSERT, table='students'}
[main] INFO com.yourname.minisql.region.manager.DatabaseManager - Executing: INSERT INTO students (id, name, age) VALUES ('28', 'User_28', '28') -> ParsedSQL{type=INSERT, table='students'}
[main] INFO com.yourname.minisql.region.manager.DatabaseManager - Executing: INSERT INTO students (id, name, age) VALUES ('29', 'User_29', '29') -> ParsedSQL{type=INSERT, table='students'}
[main] INFO com.yourname.minisql.region.manager.DatabaseManager - Executing: INSERT INTO students (id, name, age) VALUES ('30', 'User_30', '20') -> ParsedSQL{type=INSERT, table='students'}
[main] INFO com.yourname.minisql.region.manager.DatabaseManager - Executing: INSERT INTO students (id, name, age) VALUES ('31', 'User_31', '21') -> ParsedSQL{type=INSERT, table='students'}
[main] INFO com.yourname.minisql.region.manager.DatabaseManager - Executing: INSERT INTO students (id, name, age) VALUES ('32', 'User_32', '22') -> ParsedSQL{type=INSERT, table='students'}
[main] INFO com.yourname.minisql.region.manager.DatabaseManager - Executing: INSERT INTO students (id, name, age) VALUES ('33', 'User_33', '23') -> ParsedSQL{type=INSERT, table='students'}
[main] INFO com.yourname.minisql.region.manager.DatabaseManager - Executing: INSERT INTO students (id, name, age) VALUES ('34', 'User_34', '24') -> ParsedSQL{type=INSERT, table='students'}
[main] INFO com.yourname.minisql.region.manager.DatabaseManager - Executing: INSERT INTO students (id, name, age) VALUES ('35', 'User_35', '25') -> ParsedSQL{type=INSERT, table='students'}
[main] INFO com.yourname.minisql.region.manager.DatabaseManager - Executing: INSERT INTO students (id, name, age) VALUES ('36', 'User_36', '26') -> ParsedSQL{type=INSERT, table='students'}
[main] INFO com.yourname.minisql.region.manager.DatabaseManager - Executing: INSERT INTO students (id, name, age) VALUES ('37', 'User_37', '27') -> ParsedSQL{type=INSERT, table='students'}
[main] INFO com.yourname.minisql.region.manager.DatabaseManager - Executing: INSERT INTO students (id, name, age) VALUES ('38', 'User_38', '28') -> ParsedSQL{type=INSERT, table='students'}
[main] INFO com.yourname.minisql.region.manager.DatabaseManager - Executing: INSERT INTO students (id, name, age) VALUES ('39', 'User_39', '29') -> ParsedSQL{type=INSERT, table='students'}
[main] INFO com.yourname.minisql.region.manager.DatabaseManager - Executing: INSERT INTO students (id, name, age) VALUES ('40', 'User_40', '20') -> ParsedSQL{type=INSERT, table='students'}
[main] INFO com.yourname.minisql.region.manager.DatabaseManager - Executing: INSERT INTO students (id, name, age) VALUES ('41', 'User_41', '21') -> ParsedSQL{type=INSERT, table='students'}
[main] INFO com.yourname.minisql.region.manager.DatabaseManager - Executing: INSERT INTO students (id, name, age) VALUES ('42', 'User_42', '22') -> ParsedSQL{type=INSERT, table='students'}
[main] INFO com.yourname.minisql.region.manager.DatabaseManager - Executing: INSERT INTO students (id, name, age) VALUES ('43', 'User_43', '23') -> ParsedSQL{type=INSERT, table='students'}
[main] INFO com.yourname.minisql.region.manager.DatabaseManager - Executing: INSERT INTO students (id, name, age) VALUES ('44', 'User_44', '24') -> ParsedSQL{type=INSERT, table='students'}
[main] INFO com.yourname.minisql.region.manager.DatabaseManager - Executing: INSERT INTO students (id, name, age) VALUES ('45', 'User_45', '25') -> ParsedSQL{type=INSERT, table='students'}
[main] INFO com.yourname.minisql.region.manager.DatabaseManager - Executing: INSERT INTO students (id, name, age) VALUES ('46', 'User_46', '26') -> ParsedSQL{type=INSERT, table='students'}
[main] INFO com.yourname.minisql.region.manager.DatabaseManager - Executing: INSERT INTO students (id, name, age) VALUES ('47', 'User_47', '27') -> ParsedSQL{type=INSERT, table='students'}
[main] INFO com.yourname.minisql.region.manager.DatabaseManager - Executing: INSERT INTO students (id, name, age) VALUES ('48', 'User_48', '28') -> ParsedSQL{type=INSERT, table='students'}
[main] INFO com.yourname.minisql.region.manager.DatabaseManager - Executing: INSERT INTO students (id, name, age) VALUES ('49', 'User_49', '29') -> ParsedSQL{type=INSERT, table='students'}
[main] INFO com.yourname.minisql.region.manager.DatabaseManager - Executing: INSERT INTO students (id, name, age) VALUES ('50', 'User_50', '20') -> ParsedSQL{type=INSERT, table='students'}
[main] INFO com.yourname.minisql.region.manager.DatabaseManager - Executing: INSERT INTO students (id, name, age) VALUES ('51', 'User_51', '21') -> ParsedSQL{type=INSERT, table='students'}
[main] INFO com.yourname.minisql.region.manager.DatabaseManager - Executing: INSERT INTO students (id, name, age) VALUES ('52', 'User_52', '22') -> ParsedSQL{type=INSERT, table='students'}
[main] INFO com.yourname.minisql.region.manager.DatabaseManager - Executing: INSERT INTO students (id, name, age) VALUES ('53', 'User_53', '23') -> ParsedSQL{type=INSERT, table='students'}
[main] INFO com.yourname.minisql.region.manager.DatabaseManager - Executing: INSERT INTO students (id, name, age) VALUES ('54', 'User_54', '24') -> ParsedSQL{type=INSERT, table='students'}
[main] INFO com.yourname.minisql.region.manager.DatabaseManager - Executing: INSERT INTO students (id, name, age) VALUES ('55', 'User_55', '25') -> ParsedSQL{type=INSERT, table='students'}
[main] INFO com.yourname.minisql.region.manager.DatabaseManager - Executing: INSERT INTO students (id, name, age) VALUES ('56', 'User_56', '26') -> ParsedSQL{type=INSERT, table='students'}
[main] INFO com.yourname.minisql.region.manager.DatabaseManager - Executing: INSERT INTO students (id, name, age) VALUES ('57', 'User_57', '27') -> ParsedSQL{type=INSERT, table='students'}
[main] INFO com.yourname.minisql.region.manager.DatabaseManager - Executing: INSERT INTO students (id, name, age) VALUES ('58', 'User_58', '28') -> ParsedSQL{type=INSERT, table='students'}
[main] INFO com.yourname.minisql.region.manager.DatabaseManager - Executing: INSERT INTO students (id, name, age) VALUES ('59', 'User_59', '29') -> ParsedSQL{type=INSERT, table='students'}
[main] INFO com.yourname.minisql.region.manager.DatabaseManager - Executing: INSERT INTO students (id, name, age) VALUES ('60', 'User_60', '20') -> ParsedSQL{type=INSERT, table='students'}
[main] INFO com.yourname.minisql.region.manager.DatabaseManager - Executing: INSERT INTO students (id, name, age) VALUES ('61', 'User_61', '21') -> ParsedSQL{type=INSERT, table='students'}
[main] INFO com.yourname.minisql.region.manager.DatabaseManager - Executing: INSERT INTO students (id, name, age) VALUES ('62', 'User_62', '22') -> ParsedSQL{type=INSERT, table='students'}
[main] INFO com.yourname.minisql.region.manager.DatabaseManager - Executing: INSERT INTO students (id, name, age) VALUES ('63', 'User_63', '23') -> ParsedSQL{type=INSERT, table='students'}
[main] INFO com.yourname.minisql.region.manager.DatabaseManager - Executing: INSERT INTO students (id, name, age) VALUES ('64', 'User_64', '24') -> ParsedSQL{type=INSERT, table='students'}
[main] INFO com.yourname.minisql.region.manager.DatabaseManager - Executing: INSERT INTO students (id, name, age) VALUES ('65', 'User_65', '25') -> ParsedSQL{type=INSERT, table='students'}
[main] INFO com.yourname.minisql.region.manager.DatabaseManager - Executing: INSERT INTO students (id, name, age) VALUES ('66', 'User_66', '26') -> ParsedSQL{type=INSERT, table='students'}
[main] INFO com.yourname.minisql.region.manager.DatabaseManager - Executing: INSERT INTO students (id, name, age) VALUES ('67', 'User_67', '27') -> ParsedSQL{type=INSERT, table='students'}
[main] INFO com.yourname.minisql.region.manager.DatabaseManager - Executing: INSERT INTO students (id, name, age) VALUES ('68', 'User_68', '28') -> ParsedSQL{type=INSERT, table='students'}
[main] INFO com.yourname.minisql.region.manager.DatabaseManager - Executing: INSERT INTO students (id, name, age) VALUES ('69', 'User_69', '29') -> ParsedSQL{type=INSERT, table='students'}
[main] INFO com.yourname.minisql.region.manager.DatabaseManager - Executing: INSERT INTO students (id, name, age) VALUES ('70', 'User_70', '20') -> ParsedSQL{type=INSERT, table='students'}
[main] INFO com.yourname.minisql.region.manager.DatabaseManager - Executing: INSERT INTO students (id, name, age) VALUES ('71', 'User_71', '21') -> ParsedSQL{type=INSERT, table='students'}
[main] INFO com.yourname.minisql.region.manager.DatabaseManager - Executing: INSERT INTO students (id, name, age) VALUES ('72', 'User_72', '22') -> ParsedSQL{type=INSERT, table='students'}
[main] INFO com.yourname.minisql.region.manager.DatabaseManager - Executing: INSERT INTO students (id, name, age) VALUES ('73', 'User_73', '23') -> ParsedSQL{type=INSERT, table='students'}
[main] INFO com.yourname.minisql.region.manager.DatabaseManager - Executing: INSERT INTO students (id, name, age) VALUES ('74', 'User_74', '24') -> ParsedSQL{type=INSERT, table='students'}
[main] INFO com.yourname.minisql.region.manager.DatabaseManager - Executing: INSERT INTO students (id, name, age) VALUES ('75', 'User_75', '25') -> ParsedSQL{type=INSERT, table='students'}
[main] INFO com.yourname.minisql.region.manager.DatabaseManager - Executing: INSERT INTO students (id, name, age) VALUES ('76', 'User_76', '26') -> ParsedSQL{type=INSERT, table='students'}
[main] INFO com.yourname.minisql.region.manager.DatabaseManager - Executing: INSERT INTO students (id, name, age) VALUES ('77', 'User_77', '27') -> ParsedSQL{type=INSERT, table='students'}
[main] INFO com.yourname.minisql.region.manager.DatabaseManager - Executing: INSERT INTO students (id, name, age) VALUES ('78', 'User_78', '28') -> ParsedSQL{type=INSERT, table='students'}
[main] INFO com.yourname.minisql.region.manager.DatabaseManager - Executing: INSERT INTO students (id, name, age) VALUES ('79', 'User_79', '29') -> ParsedSQL{type=INSERT, table='students'}
[main] INFO com.yourname.minisql.region.manager.DatabaseManager - Executing: INSERT INTO students (id, name, age) VALUES ('80', 'User_80', '20') -> ParsedSQL{type=INSERT, table='students'}
[main] INFO com.yourname.minisql.region.manager.DatabaseManager - Executing: INSERT INTO students (id, name, age) VALUES ('81', 'User_81', '21') -> ParsedSQL{type=INSERT, table='students'}
[main] INFO com.yourname.minisql.region.manager.DatabaseManager - Executing: INSERT INTO students (id, name, age) VALUES ('82', 'User_82', '22') -> ParsedSQL{type=INSERT, table='students'}
[main] INFO com.yourname.minisql.region.manager.DatabaseManager - Executing: INSERT INTO students (id, name, age) VALUES ('83', 'User_83', '23') -> ParsedSQL{type=INSERT, table='students'}
[main] INFO com.yourname.minisql.region.manager.DatabaseManager - Executing: INSERT INTO students (id, name, age) VALUES ('84', 'User_84', '24') -> ParsedSQL{type=INSERT, table='students'}
[main] INFO com.yourname.minisql.region.manager.DatabaseManager - Executing: INSERT INTO students (id, name, age) VALUES ('85', 'User_85', '25') -> ParsedSQL{type=INSERT, table='students'}
[main] INFO com.yourname.minisql.region.manager.DatabaseManager - Executing: INSERT INTO students (id, name, age) VALUES ('86', 'User_86', '26') -> ParsedSQL{type=INSERT, table='students'}
[main] INFO com.yourname.minisql.region.manager.DatabaseManager - Executing: INSERT INTO students (id, name, age) VALUES ('87', 'User_87', '27') -> ParsedSQL{type=INSERT, table='students'}
[main] INFO com.yourname.minisql.region.manager.DatabaseManager - Executing: INSERT INTO students (id, name, age) VALUES ('88', 'User_88', '28') -> ParsedSQL{type=INSERT, table='students'}
[main] INFO com.yourname.minisql.region.manager.DatabaseManager - Executing: INSERT INTO students (id, name, age) VALUES ('89', 'User_89', '29') -> ParsedSQL{type=INSERT, table='students'}
[main] INFO com.yourname.minisql.region.manager.DatabaseManager - Executing: INSERT INTO students (id, name, age) VALUES ('90', 'User_90', '20') -> ParsedSQL{type=INSERT, table='students'}
[main] INFO com.yourname.minisql.region.manager.DatabaseManager - Executing: INSERT INTO students (id, name, age) VALUES ('91', 'User_91', '21') -> ParsedSQL{type=INSERT, table='students'}
[main] INFO com.yourname.minisql.region.manager.DatabaseManager - Executing: INSERT INTO students (id, name, age) VALUES ('92', 'User_92', '22') -> ParsedSQL{type=INSERT, table='students'}
[main] INFO com.yourname.minisql.region.manager.DatabaseManager - Executing: INSERT INTO students (id, name, age) VALUES ('93', 'User_93', '23') -> ParsedSQL{type=INSERT, table='students'}
[main] INFO com.yourname.minisql.region.manager.DatabaseManager - Executing: INSERT INTO students (id, name, age) VALUES ('94', 'User_94', '24') -> ParsedSQL{type=INSERT, table='students'}
[main] INFO com.yourname.minisql.region.manager.DatabaseManager - Executing: INSERT INTO students (id, name, age) VALUES ('95', 'User_95', '25') -> ParsedSQL{type=INSERT, table='students'}
[main] INFO com.yourname.minisql.region.manager.DatabaseManager - Executing: INSERT INTO students (id, name, age) VALUES ('96', 'User_96', '26') -> ParsedSQL{type=INSERT, table='students'}
[main] INFO com.yourname.minisql.region.manager.DatabaseManager - Executing: INSERT INTO students (id, name, age) VALUES ('97', 'User_97', '27') -> ParsedSQL{type=INSERT, table='students'}
[main] INFO com.yourname.minisql.region.manager.DatabaseManager - Executing: INSERT INTO students (id, name, age) VALUES ('98', 'User_98', '28') -> ParsedSQL{type=INSERT, table='students'}
[main] INFO com.yourname.minisql.region.manager.DatabaseManager - Executing: INSERT INTO students (id, name, age) VALUES ('99', 'User_99', '29') -> ParsedSQL{type=INSERT, table='students'}
[main] INFO com.yourname.minisql.region.manager.DatabaseManager - Executing: INSERT INTO students (id, name, age) VALUES ('100', 'User_100', '20') -> ParsedSQL{type=INSERT, table='students'}
[main] INFO com.yourname.minisql.region.manager.DatabaseManager - Executing: INSERT INTO students (id, name, age) VALUES ('101', 'User_101', '21') -> ParsedSQL{type=INSERT, table='students'}
[main] INFO com.yourname.minisql.region.manager.DatabaseManager - Executing: INSERT INTO students (id, name, age) VALUES ('102', 'User_102', '22') -> ParsedSQL{type=INSERT, table='students'}
[main] INFO com.yourname.minisql.region.manager.DatabaseManager - Executing: INSERT INTO students (id, name, age) VALUES ('103', 'User_103', '23') -> ParsedSQL{type=INSERT, table='students'}
[main] INFO com.yourname.minisql.region.manager.DatabaseManager - Executing: INSERT INTO students (id, name, age) VALUES ('104', 'User_104', '24') -> ParsedSQL{type=INSERT, table='students'}
[main] INFO com.yourname.minisql.region.manager.DatabaseManager - Executing: INSERT INTO students (id, name, age) VALUES ('105', 'User_105', '25') -> ParsedSQL{type=INSERT, table='students'}
[main] INFO com.yourname.minisql.region.manager.DatabaseManager - Executing: INSERT INTO students (id, name, age) VALUES ('106', 'User_106', '26') -> ParsedSQL{type=INSERT, table='students'}
[main] INFO com.yourname.minisql.region.manager.DatabaseManager - Executing: INSERT INTO students (id, name, age) VALUES ('107', 'User_107', '27') -> ParsedSQL{type=INSERT, table='students'}
[main] INFO com.yourname.minisql.region.manager.DatabaseManager - Executing: INSERT INTO students (id, name, age) VALUES ('108', 'User_108', '28') -> ParsedSQL{type=INSERT, table='students'}
[main] INFO com.yourname.minisql.region.manager.DatabaseManager - Executing: INSERT INTO students (id, name, age) VALUES ('109', 'User_109', '29') -> ParsedSQL{type=INSERT, table='students'}
[main] INFO com.yourname.minisql.region.manager.DatabaseManager - Executing: INSERT INTO students (id, name, age) VALUES ('110', 'User_110', '20') -> ParsedSQL{type=INSERT, table='students'}
[main] INFO com.yourname.minisql.region.manager.DatabaseManager - Executing: INSERT INTO students (id, name, age) VALUES ('111', 'User_111', '21') -> ParsedSQL{type=INSERT, table='students'}
[main] INFO com.yourname.minisql.region.manager.DatabaseManager - Executing: INSERT INTO students (id, name, age) VALUES ('112', 'User_112', '22') -> ParsedSQL{type=INSERT, table='students'}
[main] INFO com.yourname.minisql.region.manager.DatabaseManager - Executing: INSERT INTO students (id, name, age) VALUES ('113', 'User_113', '23') -> ParsedSQL{type=INSERT, table='students'}
[main] INFO com.yourname.minisql.region.manager.DatabaseManager - Executing: INSERT INTO students (id, name, age) VALUES ('114', 'User_114', '24') -> ParsedSQL{type=INSERT, table='students'}
[main] INFO com.yourname.minisql.region.manager.DatabaseManager - Executing: INSERT INTO students (id, name, age) VALUES ('115', 'User_115', '25') -> ParsedSQL{type=INSERT, table='students'}
[main] INFO com.yourname.minisql.region.manager.DatabaseManager - Executing: INSERT INTO students (id, name, age) VALUES ('116', 'User_116', '26') -> ParsedSQL{type=INSERT, table='students'}
[main] INFO com.yourname.minisql.region.manager.DatabaseManager - Executing: INSERT INTO students (id, name, age) VALUES ('117', 'User_117', '27') -> ParsedSQL{type=INSERT, table='students'}
[main] INFO com.yourname.minisql.region.manager.DatabaseManager - Executing: INSERT INTO students (id, name, age) VALUES ('118', 'User_118', '28') -> ParsedSQL{type=INSERT, table='students'}
[main] INFO com.yourname.minisql.region.manager.DatabaseManager - Executing: INSERT INTO students (id, name, age) VALUES ('119', 'User_119', '29') -> ParsedSQL{type=INSERT, table='students'}
[main] INFO com.yourname.minisql.region.manager.DatabaseManager - Executing: INSERT INTO students (id, name, age) VALUES ('120', 'User_120', '20') -> ParsedSQL{type=INSERT, table='students'}
[main] INFO com.yourname.minisql.region.manager.DatabaseManager - Executing: INSERT INTO students (id, name, age) VALUES ('121', 'User_121', '21') -> ParsedSQL{type=INSERT, table='students'}
[main] INFO com.yourname.minisql.region.manager.DatabaseManager - Executing: INSERT INTO students (id, name, age) VALUES ('122', 'User_122', '22') -> ParsedSQL{type=INSERT, table='students'}
[main] INFO com.yourname.minisql.region.manager.DatabaseManager - Executing: INSERT INTO students (id, name, age) VALUES ('123', 'User_123', '23') -> ParsedSQL{type=INSERT, table='students'}
[main] INFO com.yourname.minisql.region.manager.DatabaseManager - Executing: INSERT INTO students (id, name, age) VALUES ('124', 'User_124', '24') -> ParsedSQL{type=INSERT, table='students'}
[main] INFO com.yourname.minisql.region.manager.DatabaseManager - Executing: INSERT INTO students (id, name, age) VALUES ('125', 'User_125', '25') -> ParsedSQL{type=INSERT, table='students'}
[main] INFO com.yourname.minisql.region.manager.DatabaseManager - Executing: INSERT INTO students (id, name, age) VALUES ('126', 'User_126', '26') -> ParsedSQL{type=INSERT, table='students'}
[main] INFO com.yourname.minisql.region.manager.DatabaseManager - Executing: INSERT INTO students (id, name, age) VALUES ('127', 'User_127', '27') -> ParsedSQL{type=INSERT, table='students'}
[main] INFO com.yourname.minisql.region.manager.DatabaseManager - Executing: INSERT INTO students (id, name, age) VALUES ('128', 'User_128', '28') -> ParsedSQL{type=INSERT, table='students'}
[main] INFO com.yourname.minisql.region.manager.DatabaseManager - Executing: INSERT INTO students (id, name, age) VALUES ('129', 'User_129', '29') -> ParsedSQL{type=INSERT, table='students'}
[main] INFO com.yourname.minisql.region.manager.DatabaseManager - Executing: INSERT INTO students (id, name, age) VALUES ('130', 'User_130', '20') -> ParsedSQL{type=INSERT, table='students'}
[main] INFO com.yourname.minisql.region.manager.DatabaseManager - Executing: INSERT INTO students (id, name, age) VALUES ('131', 'User_131', '21') -> ParsedSQL{type=INSERT, table='students'}
[main] INFO com.yourname.minisql.region.manager.DatabaseManager - Executing: INSERT INTO students (id, name, age) VALUES ('132', 'User_132', '22') -> ParsedSQL{type=INSERT, table='students'}
[main] INFO com.yourname.minisql.region.manager.DatabaseManager - Executing: INSERT INTO students (id, name, age) VALUES ('133', 'User_133', '23') -> ParsedSQL{type=INSERT, table='students'}
[main] INFO com.yourname.minisql.region.manager.DatabaseManager - Executing: INSERT INTO students (id, name, age) VALUES ('134', 'User_134', '24') -> ParsedSQL{type=INSERT, table='students'}
[main] INFO com.yourname.minisql.region.manager.DatabaseManager - Executing: INSERT INTO students (id, name, age) VALUES ('135', 'User_135', '25') -> ParsedSQL{type=INSERT, table='students'}
[main] INFO com.yourname.minisql.region.manager.DatabaseManager - Executing: INSERT INTO students (id, name, age) VALUES ('136', 'User_136', '26') -> ParsedSQL{type=INSERT, table='students'}
[main] INFO com.yourname.minisql.region.manager.DatabaseManager - Executing: INSERT INTO students (id, name, age) VALUES ('137', 'User_137', '27') -> ParsedSQL{type=INSERT, table='students'}
[main] INFO com.yourname.minisql.region.manager.DatabaseManager - Executing: INSERT INTO students (id, name, age) VALUES ('138', 'User_138', '28') -> ParsedSQL{type=INSERT, table='students'}
[main] INFO com.yourname.minisql.region.manager.DatabaseManager - Executing: INSERT INTO students (id, name, age) VALUES ('139', 'User_139', '29') -> ParsedSQL{type=INSERT, table='students'}
[main] INFO com.yourname.minisql.region.manager.DatabaseManager - Executing: INSERT INTO students (id, name, age) VALUES ('140', 'User_140', '20') -> ParsedSQL{type=INSERT, table='students'}
[main] INFO com.yourname.minisql.region.manager.DatabaseManager - Executing: INSERT INTO students (id, name, age) VALUES ('141', 'User_141', '21') -> ParsedSQL{type=INSERT, table='students'}
[main] INFO com.yourname.minisql.region.manager.DatabaseManager - Executing: INSERT INTO students (id, name, age) VALUES ('142', 'User_142', '22') -> ParsedSQL{type=INSERT, table='students'}
[main] INFO com.yourname.minisql.region.manager.DatabaseManager - Executing: INSERT INTO students (id, name, age) VALUES ('143', 'User_143', '23') -> ParsedSQL{type=INSERT, table='students'}
[main] INFO com.yourname.minisql.region.manager.DatabaseManager - Executing: INSERT INTO students (id, name, age) VALUES ('144', 'User_144', '24') -> ParsedSQL{type=INSERT, table='students'}
[main] INFO com.yourname.minisql.region.manager.DatabaseManager - Executing: INSERT INTO students (id, name, age) VALUES ('145', 'User_145', '25') -> ParsedSQL{type=INSERT, table='students'}
[main] INFO com.yourname.minisql.region.manager.DatabaseManager - Executing: INSERT INTO students (id, name, age) VALUES ('146', 'User_146', '26') -> ParsedSQL{type=INSERT, table='students'}
[main] INFO com.yourname.minisql.region.manager.DatabaseManager - Executing: INSERT INTO students (id, name, age) VALUES ('147', 'User_147', '27') -> ParsedSQL{type=INSERT, table='students'}
[main] INFO com.yourname.minisql.region.manager.DatabaseManager - Executing: INSERT INTO students (id, name, age) VALUES ('148', 'User_148', '28') -> ParsedSQL{type=INSERT, table='students'}
[main] INFO com.yourname.minisql.region.manager.DatabaseManager - Executing: INSERT INTO students (id, name, age) VALUES ('149', 'User_149', '29') -> ParsedSQL{type=INSERT, table='students'}
[main] INFO com.yourname.minisql.region.manager.DatabaseManager - Executing: INSERT INTO students (id, name, age) VALUES ('150', 'User_150', '20') -> ParsedSQL{type=INSERT, table='students'}
[main] INFO com.yourname.minisql.region.manager.DatabaseManager - Executing: INSERT INTO students (id, name, age) VALUES ('151', 'User_151', '21') -> ParsedSQL{type=INSERT, table='students'}
[main] INFO com.yourname.minisql.region.manager.DatabaseManager - Executing: INSERT INTO students (id, name, age) VALUES ('152', 'User_152', '22') -> ParsedSQL{type=INSERT, table='students'}
[main] INFO com.yourname.minisql.region.manager.DatabaseManager - Executing: INSERT INTO students (id, name, age) VALUES ('153', 'User_153', '23') -> ParsedSQL{type=INSERT, table='students'}
[main] INFO com.yourname.minisql.region.manager.DatabaseManager - Executing: INSERT INTO students (id, name, age) VALUES ('154', 'User_154', '24') -> ParsedSQL{type=INSERT, table='students'}
[main] INFO com.yourname.minisql.region.manager.DatabaseManager - Executing: INSERT INTO students (id, name, age) VALUES ('155', 'User_155', '25') -> ParsedSQL{type=INSERT, table='students'}
[main] INFO com.yourname.minisql.region.manager.DatabaseManager - Executing: INSERT INTO students (id, name, age) VALUES ('156', 'User_156', '26') -> ParsedSQL{type=INSERT, table='students'}
[main] INFO com.yourname.minisql.region.manager.DatabaseManager - Executing: INSERT INTO students (id, name, age) VALUES ('157', 'User_157', '27') -> ParsedSQL{type=INSERT, table='students'}
[main] INFO com.yourname.minisql.region.manager.DatabaseManager - Executing: INSERT INTO students (id, name, age) VALUES ('158', 'User_158', '28') -> ParsedSQL{type=INSERT, table='students'}
[main] INFO com.yourname.minisql.region.manager.DatabaseManager - Executing: INSERT INTO students (id, name, age) VALUES ('159', 'User_159', '29') -> ParsedSQL{type=INSERT, table='students'}
[main] INFO com.yourname.minisql.region.manager.DatabaseManager - Executing: INSERT INTO students (id, name, age) VALUES ('160', 'User_160', '20') -> ParsedSQL{type=INSERT, table='students'}
[main] INFO com.yourname.minisql.region.manager.DatabaseManager - Executing: INSERT INTO students (id, name, age) VALUES ('161', 'User_161', '21') -> ParsedSQL{type=INSERT, table='students'}
[main] INFO com.yourname.minisql.region.manager.DatabaseManager - Executing: INSERT INTO students (id, name, age) VALUES ('162', 'User_162', '22') -> ParsedSQL{type=INSERT, table='students'}
[main] INFO com.yourname.minisql.region.manager.DatabaseManager - Executing: INSERT INTO students (id, name, age) VALUES ('163', 'User_163', '23') -> ParsedSQL{type=INSERT, table='students'}
[main] INFO com.yourname.minisql.region.manager.DatabaseManager - Executing: INSERT INTO students (id, name, age) VALUES ('164', 'User_164', '24') -> ParsedSQL{type=INSERT, table='students'}
[main] INFO com.yourname.minisql.region.manager.DatabaseManager - Executing: INSERT INTO students (id, name, age) VALUES ('165', 'User_165', '25') -> ParsedSQL{type=INSERT, table='students'}
[main] INFO com.yourname.minisql.region.manager.DatabaseManager - Executing: INSERT INTO students (id, name, age) VALUES ('166', 'User_166', '26') -> ParsedSQL{type=INSERT, table='students'}
[main] INFO com.yourname.minisql.region.manager.DatabaseManager - Executing: INSERT INTO students (id, name, age) VALUES ('167', 'User_167', '27') -> ParsedSQL{type=INSERT, table='students'}
[main] INFO com.yourname.minisql.region.manager.DatabaseManager - Executing: INSERT INTO students (id, name, age) VALUES ('168', 'User_168', '28') -> ParsedSQL{type=INSERT, table='students'}
[main] INFO com.yourname.minisql.region.manager.DatabaseManager - Executing: INSERT INTO students (id, name, age) VALUES ('169', 'User_169', '29') -> ParsedSQL{type=INSERT, table='students'}
[main] INFO com.yourname.minisql.region.manager.DatabaseManager - Executing: INSERT INTO students (id, name, age) VALUES ('170', 'User_170', '20') -> ParsedSQL{type=INSERT, table='students'}
[main] INFO com.yourname.minisql.region.manager.DatabaseManager - Executing: INSERT INTO students (id, name, age) VALUES ('171', 'User_171', '21') -> ParsedSQL{type=INSERT, table='students'}
[main] INFO com.yourname.minisql.region.manager.DatabaseManager - Executing: INSERT INTO students (id, name, age) VALUES ('172', 'User_172', '22') -> ParsedSQL{type=INSERT, table='students'}
[main] INFO com.yourname.minisql.region.manager.DatabaseManager - Executing: INSERT INTO students (id, name, age) VALUES ('173', 'User_173', '23') -> ParsedSQL{type=INSERT, table='students'}
[main] INFO com.yourname.minisql.region.manager.DatabaseManager - Executing: INSERT INTO students (id, name, age) VALUES ('174', 'User_174', '24') -> ParsedSQL{type=INSERT, table='students'}
[main] INFO com.yourname.minisql.region.manager.DatabaseManager - Executing: INSERT INTO students (id, name, age) VALUES ('175', 'User_175', '25') -> ParsedSQL{type=INSERT, table='students'}
[main] INFO com.yourname.minisql.region.manager.DatabaseManager - Executing: INSERT INTO students (id, name, age) VALUES ('176', 'User_176', '26') -> ParsedSQL{type=INSERT, table='students'}
[main] INFO com.yourname.minisql.region.manager.DatabaseManager - Executing: INSERT INTO students (id, name, age) VALUES ('177', 'User_177', '27') -> ParsedSQL{type=INSERT, table='students'}
[main] INFO com.yourname.minisql.region.manager.DatabaseManager - Executing: INSERT INTO students (id, name, age) VALUES ('178', 'User_178', '28') -> ParsedSQL{type=INSERT, table='students'}
[main] INFO com.yourname.minisql.region.manager.DatabaseManager - Executing: INSERT INTO students (id, name, age) VALUES ('179', 'User_179', '29') -> ParsedSQL{type=INSERT, table='students'}
[main] INFO com.yourname.minisql.region.manager.DatabaseManager - Executing: INSERT INTO students (id, name, age) VALUES ('180', 'User_180', '20') -> ParsedSQL{type=INSERT, table='students'}
[main] INFO com.yourname.minisql.region.manager.DatabaseManager - Executing: INSERT INTO students (id, name, age) VALUES ('181', 'User_181', '21') -> ParsedSQL{type=INSERT, table='students'}
[main] INFO com.yourname.minisql.region.manager.DatabaseManager - Executing: INSERT INTO students (id, name, age) VALUES ('182', 'User_182', '22') -> ParsedSQL{type=INSERT, table='students'}
[main] INFO com.yourname.minisql.region.manager.DatabaseManager - Executing: INSERT INTO students (id, name, age) VALUES ('183', 'User_183', '23') -> ParsedSQL{type=INSERT, table='students'}
[main] INFO com.yourname.minisql.region.manager.DatabaseManager - Executing: INSERT INTO students (id, name, age) VALUES ('184', 'User_184', '24') -> ParsedSQL{type=INSERT, table='students'}
[main] INFO com.yourname.minisql.region.manager.DatabaseManager - Executing: INSERT INTO students (id, name, age) VALUES ('185', 'User_185', '25') -> ParsedSQL{type=INSERT, table='students'}
[main] INFO com.yourname.minisql.region.manager.DatabaseManager - Executing: INSERT INTO students (id, name, age) VALUES ('186', 'User_186', '26') -> ParsedSQL{type=INSERT, table='students'}
[main] INFO com.yourname.minisql.region.manager.DatabaseManager - Executing: INSERT INTO students (id, name, age) VALUES ('187', 'User_187', '27') -> ParsedSQL{type=INSERT, table='students'}
[main] INFO com.yourname.minisql.region.manager.DatabaseManager - Executing: INSERT INTO students (id, name, age) VALUES ('188', 'User_188', '28') -> ParsedSQL{type=INSERT, table='students'}
[main] INFO com.yourname.minisql.region.manager.DatabaseManager - Executing: INSERT INTO students (id, name, age) VALUES ('189', 'User_189', '29') -> ParsedSQL{type=INSERT, table='students'}
[main] INFO com.yourname.minisql.region.manager.DatabaseManager - Executing: INSERT INTO students (id, name, age) VALUES ('190', 'User_190', '20') -> ParsedSQL{type=INSERT, table='students'}
[main] INFO com.yourname.minisql.region.manager.DatabaseManager - Executing: INSERT INTO students (id, name, age) VALUES ('191', 'User_191', '21') -> ParsedSQL{type=INSERT, table='students'}
[main] INFO com.yourname.minisql.region.manager.DatabaseManager - Executing: INSERT INTO students (id, name, age) VALUES ('192', 'User_192', '22') -> ParsedSQL{type=INSERT, table='students'}
[main] INFO com.yourname.minisql.region.manager.DatabaseManager - Executing: INSERT INTO students (id, name, age) VALUES ('193', 'User_193', '23') -> ParsedSQL{type=INSERT, table='students'}
[main] INFO com.yourname.minisql.region.manager.DatabaseManager - Executing: INSERT INTO students (id, name, age) VALUES ('194', 'User_194', '24') -> ParsedSQL{type=INSERT, table='students'}
[main] INFO com.yourname.minisql.region.manager.DatabaseManager - Executing: INSERT INTO students (id, name, age) VALUES ('195', 'User_195', '25') -> ParsedSQL{type=INSERT, table='students'}
[main] INFO com.yourname.minisql.region.manager.DatabaseManager - Executing: INSERT INTO students (id, name, age) VALUES ('196', 'User_196', '26') -> ParsedSQL{type=INSERT, table='students'}
[main] INFO com.yourname.minisql.region.manager.DatabaseManager - Executing: INSERT INTO students (id, name, age) VALUES ('197', 'User_197', '27') -> ParsedSQL{type=INSERT, table='students'}
[main] INFO com.yourname.minisql.region.manager.DatabaseManager - Executing: INSERT INTO students (id, name, age) VALUES ('198', 'User_198', '28') -> ParsedSQL{type=INSERT, table='students'}
[main] INFO com.yourname.minisql.region.manager.DatabaseManager - Executing: INSERT INTO students (id, name, age) VALUES ('199', 'User_199', '29') -> ParsedSQL{type=INSERT, table='students'}
[main] INFO com.yourname.minisql.region.manager.DatabaseManager - Executing: INSERT INTO students (id, name, age) VALUES ('200', 'User_200', '20') -> ParsedSQL{type=INSERT, table='students'}
[main] INFO com.yourname.minisql.region.manager.DatabaseManager - Executing: INSERT INTO students (id, name, age) VALUES ('201', 'User_201', '21') -> ParsedSQL{type=INSERT, table='students'}
[main] INFO com.yourname.minisql.region.manager.DatabaseManager - Executing: INSERT INTO students (id, name, age) VALUES ('202', 'User_202', '22') -> ParsedSQL{type=INSERT, table='students'}
[main] INFO com.yourname.minisql.region.manager.DatabaseManager - Executing: INSERT INTO students (id, name, age) VALUES ('203', 'User_203', '23') -> ParsedSQL{type=INSERT, table='students'}
[main] INFO com.yourname.minisql.region.manager.DatabaseManager - Executing: INSERT INTO students (id, name, age) VALUES ('204', 'User_204', '24') -> ParsedSQL{type=INSERT, table='students'}
[main] INFO com.yourname.minisql.region.manager.DatabaseManager - Executing: INSERT INTO students (id, name, age) VALUES ('205', 'User_205', '25') -> ParsedSQL{type=INSERT, table='students'}
[main] INFO com.yourname.minisql.region.manager.DatabaseManager - Executing: INSERT INTO students (id, name, age) VALUES ('206', 'User_206', '26') -> ParsedSQL{type=INSERT, table='students'}
[main] INFO com.yourname.minisql.region.manager.DatabaseManager - Executing: INSERT INTO students (id, name, age) VALUES ('207', 'User_207', '27') -> ParsedSQL{type=INSERT, table='students'}
[main] INFO com.yourname.minisql.region.manager.DatabaseManager - Executing: INSERT INTO students (id, name, age) VALUES ('208', 'User_208', '28') -> ParsedSQL{type=INSERT, table='students'}
[main] INFO com.yourname.minisql.region.manager.DatabaseManager - Executing: INSERT INTO students (id, name, age) VALUES ('209', 'User_209', '29') -> ParsedSQL{type=INSERT, table='students'}
[main] INFO com.yourname.minisql.region.manager.DatabaseManager - Executing: INSERT INTO students (id, name, age) VALUES ('210', 'User_210', '20') -> ParsedSQL{type=INSERT, table='students'}
[main] INFO com.yourname.minisql.region.manager.DatabaseManager - Executing: INSERT INTO students (id, name, age) VALUES ('211', 'User_211', '21') -> ParsedSQL{type=INSERT, table='students'}
[main] INFO com.yourname.minisql.region.manager.DatabaseManager - Executing: INSERT INTO students (id, name, age) VALUES ('212', 'User_212', '22') -> ParsedSQL{type=INSERT, table='students'}
[main] INFO com.yourname.minisql.region.manager.DatabaseManager - Executing: INSERT INTO students (id, name, age) VALUES ('213', 'User_213', '23') -> ParsedSQL{type=INSERT, table='students'}
[main] INFO com.yourname.minisql.region.manager.DatabaseManager - Executing: INSERT INTO students (id, name, age) VALUES ('214', 'User_214', '24') -> ParsedSQL{type=INSERT, table='students'}
[main] INFO com.yourname.minisql.region.manager.DatabaseManager - Executing: INSERT INTO students (id, name, age) VALUES ('215', 'User_215', '25') -> ParsedSQL{type=INSERT, table='students'}
[main] INFO com.yourname.minisql.region.manager.DatabaseManager - Executing: INSERT INTO students (id, name, age) VALUES ('216', 'User_216', '26') -> ParsedSQL{type=INSERT, table='students'}
[main] INFO com.yourname.minisql.region.manager.DatabaseManager - Executing: INSERT INTO students (id, name, age) VALUES ('217', 'User_217', '27') -> ParsedSQL{type=INSERT, table='students'}
[main] INFO com.yourname.minisql.region.manager.DatabaseManager - Executing: INSERT INTO students (id, name, age) VALUES ('218', 'User_218', '28') -> ParsedSQL{type=INSERT, table='students'}
[main] INFO com.yourname.minisql.region.manager.DatabaseManager - Executing: INSERT INTO students (id, name, age) VALUES ('219', 'User_219', '29') -> ParsedSQL{type=INSERT, table='students'}
[main] INFO com.yourname.minisql.region.manager.DatabaseManager - Executing: INSERT INTO students (id, name, age) VALUES ('220', 'User_220', '20') -> ParsedSQL{type=INSERT, table='students'}
[main] INFO com.yourname.minisql.region.manager.DatabaseManager - Executing: INSERT INTO students (id, name, age) VALUES ('221', 'User_221', '21') -> ParsedSQL{type=INSERT, table='students'}
[main] INFO com.yourname.minisql.region.manager.DatabaseManager - Executing: INSERT INTO students (id, name, age) VALUES ('222', 'User_222', '22') -> ParsedSQL{type=INSERT, table='students'}
[main] INFO com.yourname.minisql.region.manager.DatabaseManager - Executing: INSERT INTO students (id, name, age) VALUES ('223', 'User_223', '23') -> ParsedSQL{type=INSERT, table='students'}
[main] INFO com.yourname.minisql.region.manager.DatabaseManager - Executing: INSERT INTO students (id, name, age) VALUES ('224', 'User_224', '24') -> ParsedSQL{type=INSERT, table='students'}
[main] INFO com.yourname.minisql.region.manager.DatabaseManager - Executing: INSERT INTO students (id, name, age) VALUES ('225', 'User_225', '25') -> ParsedSQL{type=INSERT, table='students'}
[main] INFO com.yourname.minisql.region.manager.DatabaseManager - Executing: INSERT INTO students (id, name, age) VALUES ('226', 'User_226', '26') -> ParsedSQL{type=INSERT, table='students'}
[main] INFO com.yourname.minisql.region.manager.DatabaseManager - Executing: INSERT INTO students (id, name, age) VALUES ('227', 'User_227', '27') -> ParsedSQL{type=INSERT, table='students'}
[main] INFO com.yourname.minisql.region.manager.DatabaseManager - Executing: INSERT INTO students (id, name, age) VALUES ('228', 'User_228', '28') -> ParsedSQL{type=INSERT, table='students'}
[main] INFO com.yourname.minisql.region.manager.DatabaseManager - Executing: INSERT INTO students (id, name, age) VALUES ('229', 'User_229', '29') -> ParsedSQL{type=INSERT, table='students'}
[main] INFO com.yourname.minisql.region.manager.DatabaseManager - Executing: INSERT INTO students (id, name, age) VALUES ('230', 'User_230', '20') -> ParsedSQL{type=INSERT, table='students'}
[main] INFO com.yourname.minisql.region.manager.DatabaseManager - Executing: INSERT INTO students (id, name, age) VALUES ('231', 'User_231', '21') -> ParsedSQL{type=INSERT, table='students'}
[main] INFO com.yourname.minisql.region.manager.DatabaseManager - Executing: INSERT INTO students (id, name, age) VALUES ('232', 'User_232', '22') -> ParsedSQL{type=INSERT, table='students'}
[main] INFO com.yourname.minisql.region.manager.DatabaseManager - Executing: INSERT INTO students (id, name, age) VALUES ('233', 'User_233', '23') -> ParsedSQL{type=INSERT, table='students'}
[main] INFO com.yourname.minisql.region.manager.DatabaseManager - Executing: INSERT INTO students (id, name, age) VALUES ('234', 'User_234', '24') -> ParsedSQL{type=INSERT, table='students'}
[main] INFO com.yourname.minisql.region.manager.DatabaseManager - Executing: INSERT INTO students (id, name, age) VALUES ('235', 'User_235', '25') -> ParsedSQL{type=INSERT, table='students'}
[main] INFO com.yourname.minisql.region.manager.DatabaseManager - Executing: INSERT INTO students (id, name, age) VALUES ('236', 'User_236', '26') -> ParsedSQL{type=INSERT, table='students'}
[main] INFO com.yourname.minisql.region.manager.DatabaseManager - Executing: INSERT INTO students (id, name, age) VALUES ('237', 'User_237', '27') -> ParsedSQL{type=INSERT, table='students'}
[main] INFO com.yourname.minisql.region.manager.DatabaseManager - Executing: INSERT INTO students (id, name, age) VALUES ('238', 'User_238', '28') -> ParsedSQL{type=INSERT, table='students'}
[main] INFO com.yourname.minisql.region.manager.DatabaseManager - Executing: INSERT INTO students (id, name, age) VALUES ('239', 'User_239', '29') -> ParsedSQL{type=INSERT, table='students'}
[main] INFO com.yourname.minisql.region.manager.DatabaseManager - Executing: INSERT INTO students (id, name, age) VALUES ('240', 'User_240', '20') -> ParsedSQL{type=INSERT, table='students'}
[main] INFO com.yourname.minisql.region.manager.DatabaseManager - Executing: INSERT INTO students (id, name, age) VALUES ('241', 'User_241', '21') -> ParsedSQL{type=INSERT, table='students'}
[main] INFO com.yourname.minisql.region.manager.DatabaseManager - Executing: INSERT INTO students (id, name, age) VALUES ('242', 'User_242', '22') -> ParsedSQL{type=INSERT, table='students'}
[main] INFO com.yourname.minisql.region.manager.DatabaseManager - Executing: INSERT INTO students (id, name, age) VALUES ('243', 'User_243', '23') -> ParsedSQL{type=INSERT, table='students'}
[main] INFO com.yourname.minisql.region.manager.DatabaseManager - Executing: INSERT INTO students (id, name, age) VALUES ('244', 'User_244', '24') -> ParsedSQL{type=INSERT, table='students'}
[main] INFO com.yourname.minisql.region.manager.DatabaseManager - Executing: INSERT INTO students (id, name, age) VALUES ('245', 'User_245', '25') -> ParsedSQL{type=INSERT, table='students'}
[main] INFO com.yourname.minisql.region.manager.DatabaseManager - Executing: INSERT INTO students (id, name, age) VALUES ('246', 'User_246', '26') -> ParsedSQL{type=INSERT, table='students'}
[main] INFO com.yourname.minisql.region.manager.DatabaseManager - Executing: INSERT INTO students (id, name, age) VALUES ('247', 'User_247', '27') -> ParsedSQL{type=INSERT, table='students'}
[main] INFO com.yourname.minisql.region.manager.DatabaseManager - Executing: INSERT INTO students (id, name, age) VALUES ('248', 'User_248', '28') -> ParsedSQL{type=INSERT, table='students'}
[main] INFO com.yourname.minisql.region.manager.DatabaseManager - Executing: INSERT INTO students (id, name, age) VALUES ('249', 'User_249', '29') -> ParsedSQL{type=INSERT, table='students'}
[main] INFO com.yourname.minisql.region.manager.DatabaseManager - Executing: INSERT INTO students (id, name, age) VALUES ('250', 'User_250', '20') -> ParsedSQL{type=INSERT, table='students'}
[main] INFO com.yourname.minisql.region.manager.DatabaseManager - Executing: INSERT INTO students (id, name, age) VALUES ('251', 'User_251', '21') -> ParsedSQL{type=INSERT, table='students'}
[main] INFO com.yourname.minisql.region.manager.DatabaseManager - Executing: INSERT INTO students (id, name, age) VALUES ('252', 'User_252', '22') -> ParsedSQL{type=INSERT, table='students'}
[main] INFO com.yourname.minisql.region.manager.DatabaseManager - Executing: INSERT INTO students (id, name, age) VALUES ('253', 'User_253', '23') -> ParsedSQL{type=INSERT, table='students'}
[main] INFO com.yourname.minisql.region.manager.DatabaseManager - Executing: INSERT INTO students (id, name, age) VALUES ('254', 'User_254', '24') -> ParsedSQL{type=INSERT, table='students'}
[main] INFO com.yourname.minisql.region.manager.DatabaseManager - Executing: INSERT INTO students (id, name, age) VALUES ('255', 'User_255', '25') -> ParsedSQL{type=INSERT, table='students'}
[main] INFO com.yourname.minisql.region.manager.DatabaseManager - Executing: INSERT INTO students (id, name, age) VALUES ('256', 'User_256', '26') -> ParsedSQL{type=INSERT, table='students'}
[main] INFO com.yourname.minisql.region.manager.DatabaseManager - Executing: INSERT INTO students (id, name, age) VALUES ('257', 'User_257', '27') -> ParsedSQL{type=INSERT, table='students'}
[main] INFO com.yourname.minisql.region.manager.DatabaseManager - Executing: INSERT INTO students (id, name, age) VALUES ('258', 'User_258', '28') -> ParsedSQL{type=INSERT, table='students'}
[main] INFO com.yourname.minisql.region.manager.DatabaseManager - Executing: INSERT INTO students (id, name, age) VALUES ('259', 'User_259', '29') -> ParsedSQL{type=INSERT, table='students'}
[main] INFO com.yourname.minisql.region.manager.DatabaseManager - Executing: INSERT INTO students (id, name, age) VALUES ('260', 'User_260', '20') -> ParsedSQL{type=INSERT, table='students'}
[main] INFO com.yourname.minisql.region.manager.DatabaseManager - Executing: INSERT INTO students (id, name, age) VALUES ('261', 'User_261', '21') -> ParsedSQL{type=INSERT, table='students'}
[main] INFO com.yourname.minisql.region.manager.DatabaseManager - Executing: INSERT INTO students (id, name, age) VALUES ('262', 'User_262', '22') -> ParsedSQL{type=INSERT, table='students'}
[main] INFO com.yourname.minisql.region.manager.DatabaseManager - Executing: INSERT INTO students (id, name, age) VALUES ('263', 'User_263', '23') -> ParsedSQL{type=INSERT, table='students'}
[main] INFO com.yourname.minisql.region.manager.DatabaseManager - Executing: INSERT INTO students (id, name, age) VALUES ('264', 'User_264', '24') -> ParsedSQL{type=INSERT, table='students'}
[main] INFO com.yourname.minisql.region.manager.DatabaseManager - Executing: INSERT INTO students (id, name, age) VALUES ('265', 'User_265', '25') -> ParsedSQL{type=INSERT, table='students'}
[main] INFO com.yourname.minisql.region.manager.DatabaseManager - Executing: INSERT INTO students (id, name, age) VALUES ('266', 'User_266', '26') -> ParsedSQL{type=INSERT, table='students'}
[main] INFO com.yourname.minisql.region.manager.DatabaseManager - Executing: INSERT INTO students (id, name, age) VALUES ('267', 'User_267', '27') -> ParsedSQL{type=INSERT, table='students'}
[main] INFO com.yourname.minisql.region.manager.DatabaseManager - Executing: INSERT INTO students (id, name, age) VALUES ('268', 'User_268', '28') -> ParsedSQL{type=INSERT, table='students'}
[main] INFO com.yourname.minisql.region.manager.DatabaseManager - Executing: INSERT INTO students (id, name, age) VALUES ('269', 'User_269', '29') -> ParsedSQL{type=INSERT, table='students'}
[main] INFO com.yourname.minisql.region.manager.DatabaseManager - Executing: INSERT INTO students (id, name, age) VALUES ('270', 'User_270', '20') -> ParsedSQL{type=INSERT, table='students'}
[main] INFO com.yourname.minisql.region.manager.DatabaseManager - Executing: INSERT INTO students (id, name, age) VALUES ('271', 'User_271', '21') -> ParsedSQL{type=INSERT, table='students'}
[main] INFO com.yourname.minisql.region.manager.DatabaseManager - Executing: INSERT INTO students (id, name, age) VALUES ('272', 'User_272', '22') -> ParsedSQL{type=INSERT, table='students'}
[main] INFO com.yourname.minisql.region.manager.DatabaseManager - Executing: INSERT INTO students (id, name, age) VALUES ('273', 'User_273', '23') -> ParsedSQL{type=INSERT, table='students'}
[main] INFO com.yourname.minisql.region.manager.DatabaseManager - Executing: INSERT INTO students (id, name, age) VALUES ('274', 'User_274', '24') -> ParsedSQL{type=INSERT, table='students'}
[main] INFO com.yourname.minisql.region.manager.DatabaseManager - Executing: INSERT INTO students (id, name, age) VALUES ('275', 'User_275', '25') -> ParsedSQL{type=INSERT, table='students'}
[main] INFO com.yourname.minisql.region.manager.DatabaseManager - Executing: INSERT INTO students (id, name, age) VALUES ('276', 'User_276', '26') -> ParsedSQL{type=INSERT, table='students'}
[main] INFO com.yourname.minisql.region.manager.DatabaseManager - Executing: INSERT INTO students (id, name, age) VALUES ('277', 'User_277', '27') -> ParsedSQL{type=INSERT, table='students'}
[main] INFO com.yourname.minisql.region.manager.DatabaseManager - Executing: INSERT INTO students (id, name, age) VALUES ('278', 'User_278', '28') -> ParsedSQL{type=INSERT, table='students'}
[main] INFO com.yourname.minisql.region.manager.DatabaseManager - Executing: INSERT INTO students (id, name, age) VALUES ('279', 'User_279', '29') -> ParsedSQL{type=INSERT, table='students'}
[main] INFO com.yourname.minisql.region.manager.DatabaseManager - Executing: INSERT INTO students (id, name, age) VALUES ('280', 'User_280', '20') -> ParsedSQL{type=INSERT, table='students'}
[main] INFO com.yourname.minisql.region.manager.DatabaseManager - Executing: INSERT INTO students (id, name, age) VALUES ('281', 'User_281', '21') -> ParsedSQL{type=INSERT, table='students'}
[main] INFO com.yourname.minisql.region.manager.DatabaseManager - Executing: INSERT INTO students (id, name, age) VALUES ('282', 'User_282', '22') -> ParsedSQL{type=INSERT, table='students'}
[main] INFO com.yourname.minisql.region.manager.DatabaseManager - Executing: INSERT INTO students (id, name, age) VALUES ('283', 'User_283', '23') -> ParsedSQL{type=INSERT, table='students'}
[main] INFO com.yourname.minisql.region.manager.DatabaseManager - Executing: INSERT INTO students (id, name, age) VALUES ('284', 'User_284', '24') -> ParsedSQL{type=INSERT, table='students'}
[main] INFO com.yourname.minisql.region.manager.DatabaseManager - Executing: INSERT INTO students (id, name, age) VALUES ('285', 'User_285', '25') -> ParsedSQL{type=INSERT, table='students'}
[main] INFO com.yourname.minisql.region.manager.DatabaseManager - Executing: INSERT INTO students (id, name, age) VALUES ('286', 'User_286', '26') -> ParsedSQL{type=INSERT, table='students'}
[main] INFO com.yourname.minisql.region.manager.DatabaseManager - Executing: INSERT INTO students (id, name, age) VALUES ('287', 'User_287', '27') -> ParsedSQL{type=INSERT, table='students'}
[main] INFO com.yourname.minisql.region.manager.DatabaseManager - Executing: INSERT INTO students (id, name, age) VALUES ('288', 'User_288', '28') -> ParsedSQL{type=INSERT, table='students'}
[main] INFO com.yourname.minisql.region.manager.DatabaseManager - Executing: INSERT INTO students (id, name, age) VALUES ('289', 'User_289', '29') -> ParsedSQL{type=INSERT, table='students'}
[main] INFO com.yourname.minisql.region.manager.DatabaseManager - Executing: INSERT INTO students (id, name, age) VALUES ('290', 'User_290', '20') -> ParsedSQL{type=INSERT, table='students'}
[main] INFO com.yourname.minisql.region.manager.DatabaseManager - Executing: INSERT INTO students (id, name, age) VALUES ('291', 'User_291', '21') -> ParsedSQL{type=INSERT, table='students'}
[main] INFO com.yourname.minisql.region.manager.DatabaseManager - Executing: INSERT INTO students (id, name, age) VALUES ('292', 'User_292', '22') -> ParsedSQL{type=INSERT, table='students'}
[main] INFO com.yourname.minisql.region.manager.DatabaseManager - Executing: INSERT INTO students (id, name, age) VALUES ('293', 'User_293', '23') -> ParsedSQL{type=INSERT, table='students'}
[main] INFO com.yourname.minisql.region.manager.DatabaseManager - Executing: INSERT INTO students (id, name, age) VALUES ('294', 'User_294', '24') -> ParsedSQL{type=INSERT, table='students'}
[main] INFO com.yourname.minisql.region.manager.DatabaseManager - Executing: INSERT INTO students (id, name, age) VALUES ('295', 'User_295', '25') -> ParsedSQL{type=INSERT, table='students'}
[main] INFO com.yourname.minisql.region.manager.DatabaseManager - Executing: INSERT INTO students (id, name, age) VALUES ('296', 'User_296', '26') -> ParsedSQL{type=INSERT, table='students'}
[main] INFO com.yourname.minisql.region.manager.DatabaseManager - Executing: INSERT INTO students (id, name, age) VALUES ('297', 'User_297', '27') -> ParsedSQL{type=INSERT, table='students'}
[main] INFO com.yourname.minisql.region.manager.DatabaseManager - Executing: INSERT INTO students (id, name, age) VALUES ('298', 'User_298', '28') -> ParsedSQL{type=INSERT, table='students'}
[main] INFO com.yourname.minisql.region.manager.DatabaseManager - Executing: INSERT INTO students (id, name, age) VALUES ('299', 'User_299', '29') -> ParsedSQL{type=INSERT, table='students'}
[main] INFO com.yourname.minisql.region.manager.DatabaseManager - Executing: INSERT INTO students (id, name, age) VALUES ('300', 'User_300', '20') -> ParsedSQL{type=INSERT, table='students'}
[main] INFO com.yourname.minisql.region.manager.DatabaseManager - Executing: INSERT INTO students (id, name, age) VALUES ('301', 'User_301', '21') -> ParsedSQL{type=INSERT, table='students'}
[main] INFO com.yourname.minisql.region.manager.DatabaseManager - Executing: INSERT INTO students (id, name, age) VALUES ('302', 'User_302', '22') -> ParsedSQL{type=INSERT, table='students'}
[main] INFO com.yourname.minisql.region.manager.DatabaseManager - Executing: INSERT INTO students (id, name, age) VALUES ('303', 'User_303', '23') -> ParsedSQL{type=INSERT, table='students'}
[main] INFO com.yourname.minisql.region.manager.DatabaseManager - Executing: INSERT INTO students (id, name, age) VALUES ('304', 'User_304', '24') -> ParsedSQL{type=INSERT, table='students'}
[main] INFO com.yourname.minisql.region.manager.DatabaseManager - Executing: INSERT INTO students (id, name, age) VALUES ('305', 'User_305', '25') -> ParsedSQL{type=INSERT, table='students'}
[main] INFO com.yourname.minisql.region.manager.DatabaseManager - Executing: INSERT INTO students (id, name, age) VALUES ('306', 'User_306', '26') -> ParsedSQL{type=INSERT, table='students'}
[main] INFO com.yourname.minisql.region.manager.DatabaseManager - Executing: INSERT INTO students (id, name, age) VALUES ('307', 'User_307', '27') -> ParsedSQL{type=INSERT, table='students'}
[main] INFO com.yourname.minisql.region.manager.DatabaseManager - Executing: INSERT INTO students (id, name, age) VALUES ('308', 'User_308', '28') -> ParsedSQL{type=INSERT, table='students'}
[main] INFO com.yourname.minisql.region.manager.DatabaseManager - Executing: INSERT INTO students (id, name, age) VALUES ('309', 'User_309', '29') -> ParsedSQL{type=INSERT, table='students'}
[main] INFO com.yourname.minisql.region.manager.DatabaseManager - Executing: INSERT INTO students (id, name, age) VALUES ('310', 'User_310', '20') -> ParsedSQL{type=INSERT, table='students'}
[main] INFO com.yourname.minisql.region.manager.DatabaseManager - Executing: INSERT INTO students (id, name, age) VALUES ('311', 'User_311', '21') -> ParsedSQL{type=INSERT, table='students'}
[main] INFO com.yourname.minisql.region.manager.DatabaseManager - Executing: INSERT INTO students (id, name, age) VALUES ('312', 'User_312', '22') -> ParsedSQL{type=INSERT, table='students'}
[main] INFO com.yourname.minisql.region.manager.DatabaseManager - Executing: INSERT INTO students (id, name, age) VALUES ('313', 'User_313', '23') -> ParsedSQL{type=INSERT, table='students'}
[main] INFO com.yourname.minisql.region.manager.DatabaseManager - Executing: INSERT INTO students (id, name, age) VALUES ('314', 'User_314', '24') -> ParsedSQL{type=INSERT, table='students'}
[main] INFO com.yourname.minisql.region.manager.DatabaseManager - Executing: INSERT INTO students (id, name, age) VALUES ('315', 'User_315', '25') -> ParsedSQL{type=INSERT, table='students'}
[main] INFO com.yourname.minisql.region.manager.DatabaseManager - Executing: INSERT INTO students (id, name, age) VALUES ('316', 'User_316', '26') -> ParsedSQL{type=INSERT, table='students'}
[main] INFO com.yourname.minisql.region.manager.DatabaseManager - Executing: INSERT INTO students (id, name, age) VALUES ('317', 'User_317', '27') -> ParsedSQL{type=INSERT, table='students'}
[main] INFO com.yourname.minisql.region.manager.DatabaseManager - Executing: INSERT INTO students (id, name, age) VALUES ('318', 'User_318', '28') -> ParsedSQL{type=INSERT, table='students'}
[main] INFO com.yourname.minisql.region.manager.DatabaseManager - Executing: INSERT INTO students (id, name, age) VALUES ('319', 'User_319', '29') -> ParsedSQL{type=INSERT, table='students'}
[main] INFO com.yourname.minisql.region.manager.DatabaseManager - Executing: INSERT INTO students (id, name, age) VALUES ('320', 'User_320', '20') -> ParsedSQL{type=INSERT, table='students'}
[main] INFO com.yourname.minisql.region.manager.DatabaseManager - Executing: INSERT INTO students (id, name, age) VALUES ('321', 'User_321', '21') -> ParsedSQL{type=INSERT, table='students'}
[main] INFO com.yourname.minisql.region.manager.DatabaseManager - Executing: INSERT INTO students (id, name, age) VALUES ('322', 'User_322', '22') -> ParsedSQL{type=INSERT, table='students'}
[main] INFO com.yourname.minisql.region.manager.DatabaseManager - Executing: INSERT INTO students (id, name, age) VALUES ('323', 'User_323', '23') -> ParsedSQL{type=INSERT, table='students'}
[main] INFO com.yourname.minisql.region.manager.DatabaseManager - Executing: INSERT INTO students (id, name, age) VALUES ('324', 'User_324', '24') -> ParsedSQL{type=INSERT, table='students'}
[main] INFO com.yourname.minisql.region.manager.DatabaseManager - Executing: INSERT INTO students (id, name, age) VALUES ('325', 'User_325', '25') -> ParsedSQL{type=INSERT, table='students'}
[main] INFO com.yourname.minisql.region.manager.DatabaseManager - Executing: INSERT INTO students (id, name, age) VALUES ('326', 'User_326', '26') -> ParsedSQL{type=INSERT, table='students'}
[main] INFO com.yourname.minisql.region.manager.DatabaseManager - Executing: INSERT INTO students (id, name, age) VALUES ('327', 'User_327', '27') -> ParsedSQL{type=INSERT, table='students'}
[main] INFO com.yourname.minisql.region.manager.DatabaseManager - Executing: INSERT INTO students (id, name, age) VALUES ('328', 'User_328', '28') -> ParsedSQL{type=INSERT, table='students'}
[main] INFO com.yourname.minisql.region.manager.DatabaseManager - Executing: INSERT INTO students (id, name, age) VALUES ('329', 'User_329', '29') -> ParsedSQL{type=INSERT, table='students'}
[main] INFO com.yourname.minisql.region.manager.DatabaseManager - Executing: INSERT INTO students (id, name, age) VALUES ('330', 'User_330', '20') -> ParsedSQL{type=INSERT, table='students'}
[main] INFO com.yourname.minisql.region.manager.DatabaseManager - Executing: INSERT INTO students (id, name, age) VALUES ('331', 'User_331', '21') -> ParsedSQL{type=INSERT, table='students'}
[main] INFO com.yourname.minisql.region.manager.DatabaseManager - Executing: INSERT INTO students (id, name, age) VALUES ('332', 'User_332', '22') -> ParsedSQL{type=INSERT, table='students'}
[main] INFO com.yourname.minisql.region.manager.DatabaseManager - Executing: INSERT INTO students (id, name, age) VALUES ('333', 'User_333', '23') -> ParsedSQL{type=INSERT, table='students'}
[main] INFO com.yourname.minisql.region.manager.DatabaseManager - Executing: INSERT INTO students (id, name, age) VALUES ('334', 'User_334', '24') -> ParsedSQL{type=INSERT, table='students'}
[main] INFO com.yourname.minisql.region.manager.DatabaseManager - Executing: INSERT INTO students (id, name, age) VALUES ('335', 'User_335', '25') -> ParsedSQL{type=INSERT, table='students'}
[main] INFO com.yourname.minisql.region.manager.DatabaseManager - Executing: INSERT INTO students (id, name, age) VALUES ('336', 'User_336', '26') -> ParsedSQL{type=INSERT, table='students'}
[main] INFO com.yourname.minisql.region.manager.DatabaseManager - Executing: INSERT INTO students (id, name, age) VALUES ('337', 'User_337', '27') -> ParsedSQL{type=INSERT, table='students'}
[main] INFO com.yourname.minisql.region.manager.DatabaseManager - Executing: INSERT INTO students (id, name, age) VALUES ('338', 'User_338', '28') -> ParsedSQL{type=INSERT, table='students'}
[main] INFO com.yourname.minisql.region.manager.DatabaseManager - Executing: INSERT INTO students (id, name, age) VALUES ('339', 'User_339', '29') -> ParsedSQL{type=INSERT, table='students'}
[main] INFO com.yourname.minisql.region.manager.DatabaseManager - Executing: INSERT INTO students (id, name, age) VALUES ('340', 'User_340', '20') -> ParsedSQL{type=INSERT, table='students'}
[main] INFO com.yourname.minisql.region.manager.DatabaseManager - Executing: INSERT INTO students (id, name, age) VALUES ('341', 'User_341', '21') -> ParsedSQL{type=INSERT, table='students'}
[main] INFO com.yourname.minisql.region.manager.DatabaseManager - Executing: INSERT INTO students (id, name, age) VALUES ('342', 'User_342', '22') -> ParsedSQL{type=INSERT, table='students'}
[main] INFO com.yourname.minisql.region.manager.DatabaseManager - Executing: INSERT INTO students (id, name, age) VALUES ('343', 'User_343', '23') -> ParsedSQL{type=INSERT, table='students'}
[main] INFO com.yourname.minisql.region.manager.DatabaseManager - Executing: INSERT INTO students (id, name, age) VALUES ('344', 'User_344', '24') -> ParsedSQL{type=INSERT, table='students'}
[main] INFO com.yourname.minisql.region.manager.DatabaseManager - Executing: INSERT INTO students (id, name, age) VALUES ('345', 'User_345', '25') -> ParsedSQL{type=INSERT, table='students'}
[main] INFO com.yourname.minisql.region.manager.DatabaseManager - Executing: INSERT INTO students (id, name, age) VALUES ('346', 'User_346', '26') -> ParsedSQL{type=INSERT, table='students'}
[main] INFO com.yourname.minisql.region.manager.DatabaseManager - Executing: INSERT INTO students (id, name, age) VALUES ('347', 'User_347', '27') -> ParsedSQL{type=INSERT, table='students'}
[main] INFO com.yourname.minisql.region.manager.DatabaseManager - Executing: INSERT INTO students (id, name, age) VALUES ('348', 'User_348', '28') -> ParsedSQL{type=INSERT, table='students'}
[main] INFO com.yourname.minisql.region.manager.DatabaseManager - Executing: INSERT INTO students (id, name, age) VALUES ('349', 'User_349', '29') -> ParsedSQL{type=INSERT, table='students'}
[main] INFO com.yourname.minisql.region.manager.DatabaseManager - Executing: INSERT INTO students (id, name, age) VALUES ('350', 'User_350', '20') -> ParsedSQL{type=INSERT, table='students'}
[main] INFO com.yourname.minisql.region.manager.DatabaseManager - Executing: INSERT INTO students (id, name, age) VALUES ('351', 'User_351', '21') -> ParsedSQL{type=INSERT, table='students'}
[main] INFO com.yourname.minisql.region.manager.DatabaseManager - Executing: INSERT INTO students (id, name, age) VALUES ('352', 'User_352', '22') -> ParsedSQL{type=INSERT, table='students'}
[main] INFO com.yourname.minisql.region.manager.DatabaseManager - Executing: INSERT INTO students (id, name, age) VALUES ('353', 'User_353', '23') -> ParsedSQL{type=INSERT, table='students'}
[main] INFO com.yourname.minisql.region.manager.DatabaseManager - Executing: INSERT INTO students (id, name, age) VALUES ('354', 'User_354', '24') -> ParsedSQL{type=INSERT, table='students'}
[main] INFO com.yourname.minisql.region.manager.DatabaseManager - Executing: INSERT INTO students (id, name, age) VALUES ('355', 'User_355', '25') -> ParsedSQL{type=INSERT, table='students'}
[main] INFO com.yourname.minisql.region.manager.DatabaseManager - Executing: INSERT INTO students (id, name, age) VALUES ('356', 'User_356', '26') -> ParsedSQL{type=INSERT, table='students'}
[main] INFO com.yourname.minisql.region.manager.DatabaseManager - Executing: INSERT INTO students (id, name, age) VALUES ('357', 'User_357', '27') -> ParsedSQL{type=INSERT, table='students'}
[main] INFO com.yourname.minisql.region.manager.DatabaseManager - Executing: INSERT INTO students (id, name, age) VALUES ('358', 'User_358', '28') -> ParsedSQL{type=INSERT, table='students'}
[main] INFO com.yourname.minisql.region.manager.DatabaseManager - Executing: INSERT INTO students (id, name, age) VALUES ('359', 'User_359', '29') -> ParsedSQL{type=INSERT, table='students'}
[main] INFO com.yourname.minisql.region.manager.DatabaseManager - Executing: INSERT INTO students (id, name, age) VALUES ('360', 'User_360', '20') -> ParsedSQL{type=INSERT, table='students'}
[main] INFO com.yourname.minisql.region.manager.DatabaseManager - Executing: INSERT INTO students (id, name, age) VALUES ('361', 'User_361', '21') -> ParsedSQL{type=INSERT, table='students'}
[main] INFO com.yourname.minisql.region.manager.DatabaseManager - Executing: INSERT INTO students (id, name, age) VALUES ('362', 'User_362', '22') -> ParsedSQL{type=INSERT, table='students'}
[main] INFO com.yourname.minisql.region.manager.DatabaseManager - Executing: INSERT INTO students (id, name, age) VALUES ('363', 'User_363', '23') -> ParsedSQL{type=INSERT, table='students'}
[main] INFO com.yourname.minisql.region.manager.DatabaseManager - Executing: INSERT INTO students (id, name, age) VALUES ('364', 'User_364', '24') -> ParsedSQL{type=INSERT, table='students'}
[main] INFO com.yourname.minisql.region.manager.DatabaseManager - Executing: INSERT INTO students (id, name, age) VALUES ('365', 'User_365', '25') -> ParsedSQL{type=INSERT, table='students'}
[main] INFO com.yourname.minisql.region.manager.DatabaseManager - Executing: INSERT INTO students (id, name, age) VALUES ('366', 'User_366', '26') -> ParsedSQL{type=INSERT, table='students'}
[main] INFO com.yourname.minisql.region.manager.DatabaseManager - Executing: INSERT INTO students (id, name, age) VALUES ('367', 'User_367', '27') -> ParsedSQL{type=INSERT, table='students'}
[main] INFO com.yourname.minisql.region.manager.DatabaseManager - Executing: INSERT INTO students (id, name, age) VALUES ('368', 'User_368', '28') -> ParsedSQL{type=INSERT, table='students'}
[main] INFO com.yourname.minisql.region.manager.DatabaseManager - Executing: INSERT INTO students (id, name, age) VALUES ('369', 'User_369', '29') -> ParsedSQL{type=INSERT, table='students'}
[...]
[main] INFO com.yourname.minisql.region.manager.DatabaseManager - Executing: INSERT INTO students (id, name, age) VALUES ('2934', 'User_2934', '24') -> ParsedSQL{type=INSERT, table='students'}
[main] INFO com.yourname.minisql.region.manager.DatabaseManager - Executing: INSERT INTO students (id, name, age) VALUES ('2935', 'User_2935', '25') -> ParsedSQL{type=INSERT, table='students'}
[main] INFO com.yourname.minisql.region.manager.DatabaseManager - Executing: INSERT INTO students (id, name, age) VALUES ('2936', 'User_2936', '26') -> ParsedSQL{type=INSERT, table='students'}
[main] INFO com.yourname.minisql.region.manager.DatabaseManager - Executing: INSERT INTO students (id, name, age) VALUES ('2937', 'User_2937', '27') -> ParsedSQL{type=INSERT, table='students'}
[main] INFO com.yourname.minisql.region.manager.DatabaseManager - Executing: INSERT INTO students (id, name, age) VALUES ('2938', 'User_2938', '28') -> ParsedSQL{type=INSERT, table='students'}
[main] INFO com.yourname.minisql.region.manager.DatabaseManager - Executing: INSERT INTO students (id, name, age) VALUES ('2939', 'User_2939', '29') -> ParsedSQL{type=INSERT, table='students'}
[main] INFO com.yourname.minisql.region.manager.DatabaseManager - Executing: INSERT INTO students (id, name, age) VALUES ('2940', 'User_2940', '20') -> ParsedSQL{type=INSERT, table='students'}
[main] INFO com.yourname.minisql.region.manager.DatabaseManager - Executing: INSERT INTO students (id, name, age) VALUES ('2941', 'User_2941', '21') -> ParsedSQL{type=INSERT, table='students'}
[main] INFO com.yourname.minisql.region.manager.DatabaseManager - Executing: INSERT INTO students (id, name, age) VALUES ('2942', 'User_2942', '22') -> ParsedSQL{type=INSERT, table='students'}
[main] INFO com.yourname.minisql.region.manager.DatabaseManager - Executing: INSERT INTO students (id, name, age) VALUES ('2943', 'User_2943', '23') -> ParsedSQL{type=INSERT, table='students'}
[main] INFO com.yourname.minisql.region.manager.DatabaseManager - Executing: INSERT INTO students (id, name, age) VALUES ('2944', 'User_2944', '24') -> ParsedSQL{type=INSERT, table='students'}
[main] INFO com.yourname.minisql.region.manager.DatabaseManager - Executing: INSERT INTO students (id, name, age) VALUES ('2945', 'User_2945', '25') -> ParsedSQL{type=INSERT, table='students'}
[main] INFO com.yourname.minisql.region.manager.DatabaseManager - Executing: INSERT INTO students (id, name, age) VALUES ('2946', 'User_2946', '26') -> ParsedSQL{type=INSERT, table='students'}
[main] INFO com.yourname.minisql.region.manager.DatabaseManager - Executing: INSERT INTO students (id, name, age) VALUES ('2947', 'User_2947', '27') -> ParsedSQL{type=INSERT, table='students'}
[main] INFO com.yourname.minisql.region.manager.DatabaseManager - Executing: INSERT INTO students (id, name, age) VALUES ('2948', 'User_2948', '28') -> ParsedSQL{type=INSERT, table='students'}
[main] INFO com.yourname.minisql.region.manager.DatabaseManager - Executing: INSERT INTO students (id, name, age) VALUES ('2949', 'User_2949', '29') -> ParsedSQL{type=INSERT, table='students'}
[main] INFO com.yourname.minisql.region.manager.DatabaseManager - Executing: INSERT INTO students (id, name, age) VALUES ('2950', 'User_2950', '20') -> ParsedSQL{type=INSERT, table='students'}
[main] INFO com.yourname.minisql.region.manager.DatabaseManager - Executing: INSERT INTO students (id, name, age) VALUES ('2951', 'User_2951', '21') -> ParsedSQL{type=INSERT, table='students'}
[main] INFO com.yourname.minisql.region.manager.DatabaseManager - Executing: INSERT INTO students (id, name, age) VALUES ('2952', 'User_2952', '22') -> ParsedSQL{type=INSERT, table='students'}
[main] INFO com.yourname.minisql.region.manager.DatabaseManager - Executing: INSERT INTO students (id, name, age) VALUES ('2953', 'User_2953', '23') -> ParsedSQL{type=INSERT, table='students'}
[main] INFO com.yourname.minisql.region.manager.DatabaseManager - Executing: INSERT INTO students (id, name, age) VALUES ('2954', 'User_2954', '24') -> ParsedSQL{type=INSERT, table='students'}
[main] INFO com.yourname.minisql.region.manager.DatabaseManager - Executing: INSERT INTO students (id, name, age) VALUES ('2955', 'User_2955', '25') -> ParsedSQL{type=INSERT, table='students'}
[main] INFO com.yourname.minisql.region.manager.DatabaseManager - Executing: INSERT INTO students (id, name, age) VALUES ('2956', 'User_2956', '26') -> ParsedSQL{type=INSERT, table='students'}
[main] INFO com.yourname.minisql.region.manager.DatabaseManager - Executing: INSERT INTO students (id, name, age) VALUES ('2957', 'User_2957', '27') -> ParsedSQL{type=INSERT, table='students'}
[main] INFO com.yourname.minisql.region.manager.DatabaseManager - Executing: INSERT INTO students (id, name, age) VALUES ('2958', 'User_2958', '28') -> ParsedSQL{type=INSERT, table='students'}
[main] INFO com.yourname.minisql.region.manager.DatabaseManager - Executing: INSERT INTO students (id, name, age) VALUES ('2959', 'User_2959', '29') -> ParsedSQL{type=INSERT, table='students'}
[main] INFO com.yourname.minisql.region.manager.DatabaseManager - Executing: INSERT INTO students (id, name, age) VALUES ('2960', 'User_2960', '20') -> ParsedSQL{type=INSERT, table='students'}
[main] INFO com.yourname.minisql.region.manager.DatabaseManager - Executing: INSERT INTO students (id, name, age) VALUES ('2961', 'User_2961', '21') -> ParsedSQL{type=INSERT, table='students'}
[main] INFO com.yourname.minisql.region.manager.DatabaseManager - Executing: INSERT INTO students (id, name, age) VALUES ('2962', 'User_2962', '22') -> ParsedSQL{type=INSERT, table='students'}
[main] INFO com.yourname.minisql.region.manager.DatabaseManager - Executing: INSERT INTO students (id, name, age) VALUES ('2963', 'User_2963', '23') -> ParsedSQL{type=INSERT, table='students'}
[main] INFO com.yourname.minisql.region.manager.DatabaseManager - Executing: INSERT INTO students (id, name, age) VALUES ('2964', 'User_2964', '24') -> ParsedSQL{type=INSERT, table='students'}
[main] INFO com.yourname.minisql.region.manager.DatabaseManager - Executing: INSERT INTO students (id, name, age) VALUES ('2965', 'User_2965', '25') -> ParsedSQL{type=INSERT, table='students'}
[main] INFO com.yourname.minisql.region.manager.DatabaseManager - Executing: INSERT INTO students (id, name, age) VALUES ('2966', 'User_2966', '26') -> ParsedSQL{type=INSERT, table='students'}
[main] INFO com.yourname.minisql.region.manager.DatabaseManager - Executing: INSERT INTO students (id, name, age) VALUES ('2967', 'User_2967', '27') -> ParsedSQL{type=INSERT, table='students'}
[main] INFO com.yourname.minisql.region.manager.DatabaseManager - Executing: INSERT INTO students (id, name, age) VALUES ('2968', 'User_2968', '28') -> ParsedSQL{type=INSERT, table='students'}
[main] INFO com.yourname.minisql.region.manager.DatabaseManager - Executing: INSERT INTO students (id, name, age) VALUES ('2969', 'User_2969', '29') -> ParsedSQL{type=INSERT, table='students'}
[main] INFO com.yourname.minisql.region.manager.DatabaseManager - Executing: INSERT INTO students (id, name, age) VALUES ('2970', 'User_2970', '20') -> ParsedSQL{type=INSERT, table='students'}
[main] INFO com.yourname.minisql.region.manager.DatabaseManager - Executing: INSERT INTO students (id, name, age) VALUES ('2971', 'User_2971', '21') -> ParsedSQL{type=INSERT, table='students'}
[main] INFO com.yourname.minisql.region.manager.DatabaseManager - Executing: INSERT INTO students (id, name, age) VALUES ('2972', 'User_2972', '22') -> ParsedSQL{type=INSERT, table='students'}
[main] INFO com.yourname.minisql.region.manager.DatabaseManager - Executing: INSERT INTO students (id, name, age) VALUES ('2973', 'User_2973', '23') -> ParsedSQL{type=INSERT, table='students'}
[main] INFO com.yourname.minisql.region.manager.DatabaseManager - Executing: INSERT INTO students (id, name, age) VALUES ('2974', 'User_2974', '24') -> ParsedSQL{type=INSERT, table='students'}
[main] INFO com.yourname.minisql.region.manager.DatabaseManager - Executing: INSERT INTO students (id, name, age) VALUES ('2975', 'User_2975', '25') -> ParsedSQL{type=INSERT, table='students'}
[main] INFO com.yourname.minisql.region.manager.DatabaseManager - Executing: INSERT INTO students (id, name, age) VALUES ('2976', 'User_2976', '26') -> ParsedSQL{type=INSERT, table='students'}
[main] INFO com.yourname.minisql.region.manager.DatabaseManager - Executing: INSERT INTO students (id, name, age) VALUES ('2977', 'User_2977', '27') -> ParsedSQL{type=INSERT, table='students'}
[main] INFO com.yourname.minisql.region.manager.DatabaseManager - Executing: INSERT INTO students (id, name, age) VALUES ('2978', 'User_2978', '28') -> ParsedSQL{type=INSERT, table='students'}
[main] INFO com.yourname.minisql.region.manager.DatabaseManager - Executing: INSERT INTO students (id, name, age) VALUES ('2979', 'User_2979', '29') -> ParsedSQL{type=INSERT, table='students'}
[main] INFO com.yourname.minisql.region.manager.DatabaseManager - Executing: INSERT INTO students (id, name, age) VALUES ('2980', 'User_2980', '20') -> ParsedSQL{type=INSERT, table='students'}
[main] INFO com.yourname.minisql.region.manager.DatabaseManager - Executing: INSERT INTO students (id, name, age) VALUES ('2981', 'User_2981', '21') -> ParsedSQL{type=INSERT, table='students'}
[main] INFO com.yourname.minisql.region.manager.DatabaseManager - Executing: INSERT INTO students (id, name, age) VALUES ('2982', 'User_2982', '22') -> ParsedSQL{type=INSERT, table='students'}
[main] INFO com.yourname.minisql.region.manager.DatabaseManager - Executing: INSERT INTO students (id, name, age) VALUES ('2983', 'User_2983', '23') -> ParsedSQL{type=INSERT, table='students'}
[main] INFO com.yourname.minisql.region.manager.DatabaseManager - Executing: INSERT INTO students (id, name, age) VALUES ('2984', 'User_2984', '24') -> ParsedSQL{type=INSERT, table='students'}
[main] INFO com.yourname.minisql.region.manager.DatabaseManager - Executing: INSERT INTO students (id, name, age) VALUES ('2985', 'User_2985', '25') -> ParsedSQL{type=INSERT, table='students'}
[main] INFO com.yourname.minisql.region.manager.DatabaseManager - Executing: INSERT INTO students (id, name, age) VALUES ('2986', 'User_2986', '26') -> ParsedSQL{type=INSERT, table='students'}
[main] INFO com.yourname.minisql.region.manager.DatabaseManager - Executing: INSERT INTO students (id, name, age) VALUES ('2987', 'User_2987', '27') -> ParsedSQL{type=INSERT, table='students'}
[main] INFO com.yourname.minisql.region.manager.DatabaseManager - Executing: INSERT INTO students (id, name, age) VALUES ('2988', 'User_2988', '28') -> ParsedSQL{type=INSERT, table='students'}
[main] INFO com.yourname.minisql.region.manager.DatabaseManager - Executing: INSERT INTO students (id, name, age) VALUES ('2989', 'User_2989', '29') -> ParsedSQL{type=INSERT, table='students'}
[main] INFO com.yourname.minisql.region.manager.DatabaseManager - Executing: INSERT INTO students (id, name, age) VALUES ('2990', 'User_2990', '20') -> ParsedSQL{type=INSERT, table='students'}
[main] INFO com.yourname.minisql.region.manager.DatabaseManager - Executing: INSERT INTO students (id, name, age) VALUES ('2991', 'User_2991', '21') -> ParsedSQL{type=INSERT, table='students'}
[main] INFO com.yourname.minisql.region.manager.DatabaseManager - Executing: INSERT INTO students (id, name, age) VALUES ('2992', 'User_2992', '22') -> ParsedSQL{type=INSERT, table='students'}
[main] INFO com.yourname.minisql.region.manager.DatabaseManager - Executing: INSERT INTO students (id, name, age) VALUES ('2993', 'User_2993', '23') -> ParsedSQL{type=INSERT, table='students'}
[main] INFO com.yourname.minisql.region.manager.DatabaseManager - Executing: INSERT INTO students (id, name, age) VALUES ('2994', 'User_2994', '24') -> ParsedSQL{type=INSERT, table='students'}
[main] INFO com.yourname.minisql.region.manager.DatabaseManager - Executing: INSERT INTO students (id, name, age) VALUES ('2995', 'User_2995', '25') -> ParsedSQL{type=INSERT, table='students'}
[main] INFO com.yourname.minisql.region.manager.DatabaseManager - Executing: INSERT INTO students (id, name, age) VALUES ('2996', 'User_2996', '26') -> ParsedSQL{type=INSERT, table='students'}
[main] INFO com.yourname.minisql.region.manager.DatabaseManager - Executing: INSERT INTO students (id, name, age) VALUES ('2997', 'User_2997', '27') -> ParsedSQL{type=INSERT, table='students'}
[main] INFO com.yourname.minisql.region.manager.DatabaseManager - Executing: INSERT INTO students (id, name, age) VALUES ('2998', 'User_2998', '28') -> ParsedSQL{type=INSERT, table='students'}
[main] INFO com.yourname.minisql.region.manager.DatabaseManager - Executing: INSERT INTO students (id, name, age) VALUES ('2999', 'User_2999', '29') -> ParsedSQL{type=INSERT, table='students'}
[main] INFO com.yourname.minisql.region.manager.DatabaseManager - Executing: INSERT INTO students (id, name, age) VALUES ('3000', 'User_3000', '20') -> ParsedSQL{type=INSERT, table='students'}
[main] INFO com.yourname.minisql.region.manager.DatabaseManager - Executing: SELECT * FROM students WHERE id = '1' -> ParsedSQL{type=SELECT, table='students'}
[main] INFO com.yourname.minisql.region.storage.LSMTreeEngine - [Engine Get] 准备查找 Key: 1
[main] INFO com.yourname.minisql.region.storage.LSMTreeEngine - [Engine Get] MemTable 未命中，准备遍历 4 个 SSTable
[main] INFO com.yourname.minisql.region.storage.LSMTreeEngine - [Engine Get] 正在查询 SSTable ID: 5
[main] INFO com.yourname.minisql.region.storage.SSTable -   [SSTable-5] 内存 Index Map 中没有找到 Key: 1 的偏移量
[main] INFO com.yourname.minisql.region.storage.LSMTreeEngine - [Engine Get] SSTable ID: 5 中没有找到 Key: 1
[main] INFO com.yourname.minisql.region.storage.LSMTreeEngine - [Engine Get] 正在查询 SSTable ID: 4
[main] INFO com.yourname.minisql.region.storage.SSTable -   [SSTable-4] 内存 Index Map 中没有找到 Key: 1 的偏移量
[main] INFO com.yourname.minisql.region.storage.LSMTreeEngine - [Engine Get] SSTable ID: 4 中没有找到 Key: 1
[main] INFO com.yourname.minisql.region.storage.LSMTreeEngine - [Engine Get] 正在查询 SSTable ID: 3
[main] INFO com.yourname.minisql.region.storage.SSTable -   [SSTable-3] 内存 Index Map 中没有找到 Key: 1 的偏移量
[main] INFO com.yourname.minisql.region.storage.LSMTreeEngine - [Engine Get] SSTable ID: 3 中没有找到 Key: 1
[main] INFO com.yourname.minisql.region.storage.LSMTreeEngine - [Engine Get] 正在查询 SSTable ID: 6
[main] INFO com.yourname.minisql.region.storage.SSTable -   [SSTable-6] 内存 Index 命中！Key: 1 的文件偏移量为: 0
[main] INFO com.yourname.minisql.region.storage.SSTable -   [SSTable-6] 成功从磁盘读取出 Row 的字节数据，长度: 134
[main] INFO com.yourname.minisql.region.storage.SSTable -   [SSTable-6] 反序列化 Row 结果: {name=User_1, id=1, age=21}
[main] INFO com.yourname.minisql.region.storage.LSMTreeEngine - [Engine Get] 在 SSTable ID: 6 中成功找到 Key: 1
[main] INFO com.yourname.minisql.region.manager.DatabaseManager - Executing: SELECT * FROM students WHERE id = '1500' -> ParsedSQL{type=SELECT, table='students'}
[main] INFO com.yourname.minisql.region.storage.LSMTreeEngine - [Engine Get] 准备查找 Key: 1500
[main] INFO com.yourname.minisql.region.storage.LSMTreeEngine - [Engine Get] MemTable 未命中，准备遍历 4 个 SSTable
[main] INFO com.yourname.minisql.region.storage.LSMTreeEngine - [Engine Get] 正在查询 SSTable ID: 5
[main] INFO com.yourname.minisql.region.storage.SSTable -   [SSTable-5] 内存 Index Map 中没有找到 Key: 1500 的偏移量
[main] INFO com.yourname.minisql.region.storage.LSMTreeEngine - [Engine Get] SSTable ID: 5 中没有找到 Key: 1500
[main] INFO com.yourname.minisql.region.storage.LSMTreeEngine - [Engine Get] 正在查询 SSTable ID: 4
[main] INFO com.yourname.minisql.region.storage.SSTable -   [SSTable-4] 内存 Index Map 中没有找到 Key: 1500 的偏移量
[main] INFO com.yourname.minisql.region.storage.LSMTreeEngine - [Engine Get] SSTable ID: 4 中没有找到 Key: 1500
[main] INFO com.yourname.minisql.region.storage.LSMTreeEngine - [Engine Get] 正在查询 SSTable ID: 3
[main] INFO com.yourname.minisql.region.storage.SSTable -   [SSTable-3] 内存 Index 命中！Key: 1500 的文件偏移量为: 23858
[main] INFO com.yourname.minisql.region.storage.SSTable -   [SSTable-3] 成功从磁盘读取出 Row 的字节数据，长度: 146
[main] INFO com.yourname.minisql.region.storage.SSTable -   [SSTable-3] 反序列化 Row 结果: {name=User_1500, id=1500, age=20}
[main] INFO com.yourname.minisql.region.storage.LSMTreeEngine - [Engine Get] 在 SSTable ID: 3 中成功找到 Key: 1500
[main] INFO com.yourname.minisql.region.manager.DatabaseManager - Executing: SELECT * FROM students WHERE id = '3000' -> ParsedSQL{type=SELECT, table='students'}
[main] INFO com.yourname.minisql.region.storage.LSMTreeEngine - [Engine Get] 准备查找 Key: 3000
[main] INFO com.yourname.minisql.region.storage.LSMTreeEngine - [Engine Get] 在 Active MemTable 中找到 Key: 3000
[main] INFO com.yourname.minisql.region.manager.DatabaseManager - Executing: UPDATE students SET age = '99' WHERE id = '10' -> ParsedSQL{type=UPDATE, table='students'}
[main] INFO com.yourname.minisql.region.storage.LSMTreeEngine - [Engine Get] 准备查找 Key: 10
[main] INFO com.yourname.minisql.region.storage.LSMTreeEngine - [Engine Get] MemTable 未命中，准备遍历 4 个 SSTable
[main] INFO com.yourname.minisql.region.storage.LSMTreeEngine - [Engine Get] 正在查询 SSTable ID: 5
[main] INFO com.yourname.minisql.region.storage.SSTable -   [SSTable-5] 内存 Index Map 中没有找到 Key: 10 的偏移量
[main] INFO com.yourname.minisql.region.storage.LSMTreeEngine - [Engine Get] SSTable ID: 5 中没有找到 Key: 10
[main] INFO com.yourname.minisql.region.storage.LSMTreeEngine - [Engine Get] 正在查询 SSTable ID: 4
[main] INFO com.yourname.minisql.region.storage.SSTable -   [SSTable-4] 内存 Index Map 中没有找到 Key: 10 的偏移量
[main] INFO com.yourname.minisql.region.storage.LSMTreeEngine - [Engine Get] SSTable ID: 4 中没有找到 Key: 10
[main] INFO com.yourname.minisql.region.storage.LSMTreeEngine - [Engine Get] 正在查询 SSTable ID: 3
[main] INFO com.yourname.minisql.region.storage.SSTable -   [SSTable-3] 内存 Index Map 中没有找到 Key: 10 的偏移量
[main] INFO com.yourname.minisql.region.storage.LSMTreeEngine - [Engine Get] SSTable ID: 3 中没有找到 Key: 10
[main] INFO com.yourname.minisql.region.storage.LSMTreeEngine - [Engine Get] 正在查询 SSTable ID: 6
[main] INFO com.yourname.minisql.region.storage.SSTable -   [SSTable-6] 内存 Index 命中！Key: 10 的文件偏移量为: 143
[main] INFO com.yourname.minisql.region.storage.SSTable -   [SSTable-6] 成功从磁盘读取出 Row 的字节数据，长度: 138
[main] INFO com.yourname.minisql.region.storage.SSTable -   [SSTable-6] 反序列化 Row 结果: {name=User_10, id=10, age=20}
[main] INFO com.yourname.minisql.region.storage.LSMTreeEngine - [Engine Get] 在 SSTable ID: 6 中成功找到 Key: 10
[main] INFO com.yourname.minisql.region.manager.DatabaseManager - Executing: SELECT * FROM students WHERE id = '10' -> ParsedSQL{type=SELECT, table='students'}
[main] INFO com.yourname.minisql.region.storage.LSMTreeEngine - [Engine Get] 准备查找 Key: 10
[main] INFO com.yourname.minisql.region.storage.LSMTreeEngine - [Engine Get] 在 Active MemTable 中找到 Key: 10
[main] INFO com.yourname.minisql.region.manager.DatabaseManager - Executing: DELETE FROM students WHERE id = '20' -> ParsedSQL{type=DELETE, table='students'}
[main] INFO com.yourname.minisql.region.manager.DatabaseManager - Executing: SELECT * FROM students WHERE id = '20' -> ParsedSQL{type=SELECT, table='students'}
[main] INFO com.yourname.minisql.region.storage.LSMTreeEngine - [Engine Get] 准备查找 Key: 20
[main] INFO com.yourname.minisql.region.storage.LSMTreeEngine - [Engine Get] 在 Active MemTable 中找到 Key: 20
[main] INFO com.yourname.minisql.region.manager.DatabaseManager - Successfully saved catalog metadata with 1 tables.
[main] INFO com.yourname.minisql.region.storage.LSMTreeEngine - Flushing MemTable to SSTable...
[main] INFO com.yourname.minisql.region.storage.SSTable - Created SSTable 7 with 343 entries, size: 54099 bytes
[main] INFO com.yourname.minisql.region.storage.WAL - WAL initialized at: /tmp/junit58942453498140625/wal_7.log
[main] INFO com.yourname.minisql.region.storage.WAL - Deleted old WAL file: /tmp/junit58942453498140625/wal_6.log
[main] INFO com.yourname.minisql.region.storage.LSMTreeEngine - Flush complete. Current SSTable count: 5
]]></system-err>
  </testcase>
</testsuite>